Using pre-set license
Built from '2021.2/staging' branch; Version is '2021.2.11f1 (e50cafbb4399) revision 15010991'; Using compiler version '192829333'; Build Type 'Release'
OS: 'Windows 10  (10.0.17134) 64bit Core' Language: 'en' Physical Memory: 16228 MB
BatchMode: 1, IsHumanControllingUs: 0, StartBugReporterOnCrash: 0, Is64bit: 1, IsPro: 0

COMMAND LINE ARGUMENTS:
C:\Program Files\Unity\Hub\Editor\2021.2.11f1\Editor\Unity.exe
-adb2
-batchMode
-noUpm
-name
AssetImportWorker1
-projectPath
C:/Users/Owner/Documents/GitHub/G300/Game Project
-logFile
Logs/AssetImportWorker1.log
-srvPort
57567
Successfully changed project path to: C:/Users/Owner/Documents/GitHub/G300/Game Project
C:/Users/Owner/Documents/GitHub/G300/Game Project
[UnityMemory] Configuration Parameters - Can be set up in boot.config
    "memorysetup-bucket-allocator-granularity=16"
    "memorysetup-bucket-allocator-bucket-count=8"
    "memorysetup-bucket-allocator-block-size=33554432"
    "memorysetup-bucket-allocator-block-count=8"
    "memorysetup-main-allocator-block-size=16777216"
    "memorysetup-thread-allocator-block-size=16777216"
    "memorysetup-gfx-main-allocator-block-size=16777216"
    "memorysetup-gfx-thread-allocator-block-size=16777216"
    "memorysetup-cache-allocator-block-size=4194304"
    "memorysetup-typetree-allocator-block-size=2097152"
    "memorysetup-profiler-bucket-allocator-granularity=16"
    "memorysetup-profiler-bucket-allocator-bucket-count=8"
    "memorysetup-profiler-bucket-allocator-block-size=33554432"
    "memorysetup-profiler-bucket-allocator-block-count=8"
    "memorysetup-profiler-allocator-block-size=16777216"
    "memorysetup-profiler-editor-allocator-block-size=1048576"
    "memorysetup-temp-allocator-size-main=16777216"
    "memorysetup-job-temp-allocator-block-size=2097152"
    "memorysetup-job-temp-allocator-block-size-background=1048576"
    "memorysetup-job-temp-allocator-reduction-small-platforms=262144"
    "memorysetup-temp-allocator-size-background-worker=32768"
    "memorysetup-temp-allocator-size-job-worker=262144"
    "memorysetup-temp-allocator-size-preload-manager=33554432"
    "memorysetup-temp-allocator-size-nav-mesh-worker=65536"
    "memorysetup-temp-allocator-size-audio-worker=65536"
    "memorysetup-temp-allocator-size-cloud-worker=32768"
    "memorysetup-temp-allocator-size-gi-baking-worker=262144"
    "memorysetup-temp-allocator-size-gfx=262144"
Refreshing native plugins compatible for Editor in 59.92 ms, found 2 plugins.
Preloading 0 native plugins for Editor in 0.00 ms.
Initialize engine version: 2021.2.11f1 (e50cafbb4399)
[Subsystems] Discovering subsystems at path C:/Program Files/Unity/Hub/Editor/2021.2.11f1/Editor/Data/Resources/UnitySubsystems
[Subsystems] Discovering subsystems at path C:/Users/Owner/Documents/GitHub/G300/Game Project/Assets
GfxDevice: creating device client; threaded=0; jobified=0
Direct3D:
    Version:  Direct3D 11.0 [level 11.1]
    Renderer: NVIDIA GeForce MX150 (ID=0x1d10)
    Vendor:   NVIDIA
    VRAM:     1983 MB
    Driver:   24.21.13.9836
Initialize mono
Mono path[0] = 'C:/Program Files/Unity/Hub/Editor/2021.2.11f1/Editor/Data/Managed'
Mono path[1] = 'C:/Program Files/Unity/Hub/Editor/2021.2.11f1/Editor/Data/MonoBleedingEdge/lib/mono/unityjit-win32'
Mono config path = 'C:/Program Files/Unity/Hub/Editor/2021.2.11f1/Editor/Data/MonoBleedingEdge/etc'
Using monoOptions --debugger-agent=transport=dt_socket,embedding=1,server=y,suspend=n,address=127.0.0.1:56976
Begin MonoManager ReloadAssembly
Registering precompiled unity dll's ...
Register platform support module: C:/Program Files/Unity/Hub/Editor/2021.2.11f1/Editor/Data/PlaybackEngines/WindowsStandaloneSupport/UnityEditor.WindowsStandalone.Extensions.dll
Registered in 0.006815 seconds.
Native extension for WindowsStandalone target not found
Refreshing native plugins compatible for Editor in 53.10 ms, found 2 plugins.
Preloading 0 native plugins for Editor in 0.00 ms.
Mono: successfully reloaded assembly
- Completed reload, in  0.793 seconds
Domain Reload Profiling:
	ReloadAssembly (794ms)
		BeginReloadAssembly (116ms)
			ExecutionOrderSort (0ms)
			DisableScriptedObjects (0ms)
			BackupInstance (0ms)
			ReleaseScriptingObjects (0ms)
			CreateAndSetChildDomain (1ms)
		EndReloadAssembly (576ms)
			LoadAssemblies (111ms)
			RebuildTransferFunctionScriptingTraits (0ms)
			SetupTypeCache (143ms)
			ReleaseScriptCaches (0ms)
			RebuildScriptCaches (40ms)
			SetupLoadedEditorAssemblies (329ms)
				LogAssemblyErrors (0ms)
				InitializePlatformSupportModulesInManaged (19ms)
				SetLoadedEditorAssemblies (0ms)
				RefreshPlugins (53ms)
				BeforeProcessingInitializeOnLoad (2ms)
				ProcessInitializeOnLoadAttributes (193ms)
				ProcessInitializeOnLoadMethodAttributes (61ms)
				AfterProcessingInitializeOnLoad (0ms)
				EditorAssembliesLoaded (0ms)
			ExecutionOrderSort2 (0ms)
			AwakeInstancesAfterBackupRestoration (0ms)
Platform modules already initialized, skipping
Registering precompiled user dll's ...
Registered in 0.006322 seconds.
Begin MonoManager ReloadAssembly
Native extension for WindowsStandalone target not found
Refreshing native plugins compatible for Editor in 0.45 ms, found 2 plugins.
Preloading 0 native plugins for Editor in 0.00 ms.
Mono: successfully reloaded assembly
- Completed reload, in  1.131 seconds
Domain Reload Profiling:
	ReloadAssembly (1132ms)
		BeginReloadAssembly (140ms)
			ExecutionOrderSort (0ms)
			DisableScriptedObjects (7ms)
			BackupInstance (0ms)
			ReleaseScriptingObjects (0ms)
			CreateAndSetChildDomain (23ms)
		EndReloadAssembly (866ms)
			LoadAssemblies (93ms)
			RebuildTransferFunctionScriptingTraits (0ms)
			SetupTypeCache (249ms)
			ReleaseScriptCaches (0ms)
			RebuildScriptCaches (56ms)
			SetupLoadedEditorAssemblies (421ms)
				LogAssemblyErrors (0ms)
				InitializePlatformSupportModulesInManaged (17ms)
				SetLoadedEditorAssemblies (0ms)
				RefreshPlugins (1ms)
				BeforeProcessingInitializeOnLoad (75ms)
				ProcessInitializeOnLoadAttributes (291ms)
				ProcessInitializeOnLoadMethodAttributes (30ms)
				AfterProcessingInitializeOnLoad (9ms)
				EditorAssembliesLoaded (0ms)
			ExecutionOrderSort2 (0ms)
			AwakeInstancesAfterBackupRestoration (10ms)
Platform modules already initialized, skipping
========================================================================
Worker process is ready to serve import requests
Launched and connected shader compiler UnityShaderCompiler.exe after 0.05 seconds
Refreshing native plugins compatible for Editor in 0.51 ms, found 2 plugins.
Preloading 0 native plugins for Editor in 0.00 ms.
Unloading 1912 Unused Serialized files (Serialized files now loaded: 0)
Unloading 20 unused Assets / (110.5 KB). Loaded Objects now: 2383.
Memory consumption went from 86.2 MB to 86.1 MB.
Total: 6.076146 ms (FindLiveObjects: 0.243663 ms CreateObjectMapping: 0.147020 ms MarkObjects: 5.548210 ms  DeleteObjects: 0.135197 ms)

AssetImportParameters requested are different than current active one (requested -> active):
  custom:video-decoder-ogg-theora: a1e56fd34408186e4bbccfd4996cb3dc -> 
  custom:container-muxer-webm: aa71ff27fc2769a1b78a27578f13a17b -> 
  custom:container-demuxer-webm: 4f35f7cbe854078d1ac9338744f61a02 -> 
  custom:video-encoder-webm-vp8: eb34c28f22e8b96e1ab97ce403110664 -> 
  custom:video-codec-MediaFoundation-h265: 746d11721c4dcdbdad8f713fa42b33f4 -> 
  custom:audio-encoder-webm-vorbis: bf7c407c2cedff20999df2af8eb42d56 -> 
  custom:framework-win-MediaFoundation: 216162199b28c13a410421893ffa2e32 -> 
  custom:container-demuxer-ogg: 62fdf1f143b41e24485cea50d1cbac27 -> 
  custom:video-decoder-webm-vp8: 9c59270c3fd7afecdb556c50c9e8de78 -> 
  custom:audio-decoder-ogg-vorbis: bf7c407c2cedff20999df2af8eb42d56 -> 
========================================================================
Received Import Request.
  Time since last request: 187529.304636 seconds.
  path: Assets/Buildings/b3.fbx
  artifactKey: Guid(f84ef07bd874eec4c939fd4ab96012bc) Importer(815301076,1909f56bfc062723c751e8b465ee728b)
Start importing Assets/Buildings/b3.fbx using Guid(f84ef07bd874eec4c939fd4ab96012bc) Importer(815301076,1909f56bfc062723c751e8b465ee728b)  -> (artifact id: '903e3d16f157c8cdc57d558431ef69e3') in 0.513068 seconds 
========================================================================
Received Import Request.
  Time since last request: 0.000020 seconds.
  path: Assets/Buildings/b8.fbx
  artifactKey: Guid(3ff80cb334a8b6a45af78bab413e3e2b) Importer(815301076,1909f56bfc062723c751e8b465ee728b)
Start importing Assets/Buildings/b8.fbx using Guid(3ff80cb334a8b6a45af78bab413e3e2b) Importer(815301076,1909f56bfc062723c751e8b465ee728b)  -> (artifact id: 'edbf62b65efff81126ccbbb136d07338') in 0.053282 seconds 
========================================================================
Received Import Request.
  Time since last request: 0.000027 seconds.
  path: Assets/Buildings/b4.fbx
  artifactKey: Guid(18ff28de6a3794d4b8b58d5e619e58df) Importer(815301076,1909f56bfc062723c751e8b465ee728b)
Start importing Assets/Buildings/b4.fbx using Guid(18ff28de6a3794d4b8b58d5e619e58df) Importer(815301076,1909f56bfc062723c751e8b465ee728b)  -> (artifact id: '24c1ea0cf3f8381bff8448499784431e') in 0.041471 seconds 
========================================================================
Received Import Request.
  Time since last request: 0.000081 seconds.
  path: Assets/Buildings/b2.fbx
  artifactKey: Guid(0b4c5917def15fa43b0b44f4f7cf1aab) Importer(815301076,1909f56bfc062723c751e8b465ee728b)
Start importing Assets/Buildings/b2.fbx using Guid(0b4c5917def15fa43b0b44f4f7cf1aab) Importer(815301076,1909f56bfc062723c751e8b465ee728b)  -> (artifact id: '8a90bfce1bd715ff9be500f0e47b91f8') in 0.050904 seconds 
========================================================================
Received Import Request.
  Time since last request: 0.000021 seconds.
  path: Assets/Buildings/b7.fbx
  artifactKey: Guid(70b775a4fde272245a4c2f4b5d09f941) Importer(815301076,1909f56bfc062723c751e8b465ee728b)
Start importing Assets/Buildings/b7.fbx using Guid(70b775a4fde272245a4c2f4b5d09f941) Importer(815301076,1909f56bfc062723c751e8b465ee728b)  -> (artifact id: 'f6ddfc5e0610cd0e1aa23c7336c47926') in 0.044382 seconds 
========================================================================
Received Import Request.
  Time since last request: 0.000020 seconds.
  path: Assets/Buildings
  artifactKey: Guid(b6a2824dc7e4d204c85ac2672ba457d7) Importer(815301076,1909f56bfc062723c751e8b465ee728b)
Start importing Assets/Buildings using Guid(b6a2824dc7e4d204c85ac2672ba457d7) Importer(815301076,1909f56bfc062723c751e8b465ee728b)  -> (artifact id: '96eae3cd07718658c15b0db30a463f67') in 0.010501 seconds 
========================================================================
Received Import Request.
  Time since last request: 213.150409 seconds.
  path: Assets/Buildings/b2.fbx
  artifactKey: Guid(0b4c5917def15fa43b0b44f4f7cf1aab) Importer(815301076,1909f56bfc062723c751e8b465ee728b)
Start importing Assets/Buildings/b2.fbx using Guid(0b4c5917def15fa43b0b44f4f7cf1aab) Importer(815301076,1909f56bfc062723c751e8b465ee728b)  -> (artifact id: 'dcd594b5611ebc9a4228c9e6cd45de3d') in 0.039688 seconds 
========================================================================
Received Import Request.
  Time since last request: 0.000041 seconds.
  path: Assets/Buildings/b6.fbx
  artifactKey: Guid(2c694c40453654c4dbc22ed9db0b3729) Importer(815301076,1909f56bfc062723c751e8b465ee728b)
Start importing Assets/Buildings/b6.fbx using Guid(2c694c40453654c4dbc22ed9db0b3729) Importer(815301076,1909f56bfc062723c751e8b465ee728b)  -> (artifact id: 'a6d9a3cab4cfac396564be0eb1ad226b') in 0.044318 seconds 
========================================================================
Received Import Request.
  Time since last request: 0.000049 seconds.
  path: Assets/Buildings/b9.fbx
  artifactKey: Guid(2e73f820481b99749bdba40eab56bc21) Importer(815301076,1909f56bfc062723c751e8b465ee728b)
Start importing Assets/Buildings/b9.fbx using Guid(2e73f820481b99749bdba40eab56bc21) Importer(815301076,1909f56bfc062723c751e8b465ee728b)  -> (artifact id: '6800668977b739b742491e15c892b2a9') in 0.037532 seconds 
========================================================================
Received Import Request.
  Time since last request: 0.000031 seconds.
  path: Assets/Buildings/b4.fbx
  artifactKey: Guid(18ff28de6a3794d4b8b58d5e619e58df) Importer(815301076,1909f56bfc062723c751e8b465ee728b)
Start importing Assets/Buildings/b4.fbx using Guid(18ff28de6a3794d4b8b58d5e619e58df) Importer(815301076,1909f56bfc062723c751e8b465ee728b)  -> (artifact id: '1d82b17c5dc124b4bee4593c3bbccfd2') in 0.035969 seconds 
========================================================================
Received Import Request.
  Time since last request: 0.000031 seconds.
  path: Assets/Buildings/b7.fbx
  artifactKey: Guid(70b775a4fde272245a4c2f4b5d09f941) Importer(815301076,1909f56bfc062723c751e8b465ee728b)
Start importing Assets/Buildings/b7.fbx using Guid(70b775a4fde272245a4c2f4b5d09f941) Importer(815301076,1909f56bfc062723c751e8b465ee728b)  -> (artifact id: '67bb546b469aa2158a700c6dac304d54') in 0.044217 seconds 
========================================================================
Received Prepare
Registering precompiled user dll's ...
Registered in 0.007461 seconds.
Begin MonoManager ReloadAssembly
Native extension for WindowsStandalone target not found
Refreshing native plugins compatible for Editor in 0.77 ms, found 2 plugins.
Preloading 0 native plugins for Editor in 0.00 ms.
Mono: successfully reloaded assembly
- Completed reload, in  1.694 seconds
Domain Reload Profiling:
	ReloadAssembly (1695ms)
		BeginReloadAssembly (216ms)
			ExecutionOrderSort (0ms)
			DisableScriptedObjects (15ms)
			BackupInstance (0ms)
			ReleaseScriptingObjects (0ms)
			CreateAndSetChildDomain (50ms)
		EndReloadAssembly (1305ms)
			LoadAssemblies (140ms)
			RebuildTransferFunctionScriptingTraits (0ms)
			SetupTypeCache (303ms)
			ReleaseScriptCaches (1ms)
			RebuildScriptCaches (55ms)
			SetupLoadedEditorAssemblies (714ms)
				LogAssemblyErrors (0ms)
				InitializePlatformSupportModulesInManaged (18ms)
				SetLoadedEditorAssemblies (1ms)
				RefreshPlugins (1ms)
				BeforeProcessingInitializeOnLoad (94ms)
				ProcessInitializeOnLoadAttributes (537ms)
				ProcessInitializeOnLoadMethodAttributes (47ms)
				AfterProcessingInitializeOnLoad (16ms)
				EditorAssembliesLoaded (0ms)
			ExecutionOrderSort2 (0ms)
			AwakeInstancesAfterBackupRestoration (43ms)
Platform modules already initialized, skipping
Refreshing native plugins compatible for Editor in 0.79 ms, found 2 plugins.
Preloading 0 native plugins for Editor in 0.00 ms.
Unloading 1895 Unused Serialized files (Serialized files now loaded: 0)
Unloading 20 unused Assets / (234.9 KB). Loaded Objects now: 2397.
Memory consumption went from 88.9 MB to 88.7 MB.
Total: 3.707374 ms (FindLiveObjects: 0.225671 ms CreateObjectMapping: 0.131084 ms MarkObjects: 3.116724 ms  DeleteObjects: 0.231839 ms)

AssetImportParameters requested are different than current active one (requested -> active):
  custom:video-decoder-ogg-theora: a1e56fd34408186e4bbccfd4996cb3dc -> 
  custom:container-muxer-webm: aa71ff27fc2769a1b78a27578f13a17b -> 
  custom:container-demuxer-webm: 4f35f7cbe854078d1ac9338744f61a02 -> 
  custom:video-encoder-webm-vp8: eb34c28f22e8b96e1ab97ce403110664 -> 
  custom:video-codec-MediaFoundation-h265: 746d11721c4dcdbdad8f713fa42b33f4 -> 
  custom:audio-encoder-webm-vorbis: bf7c407c2cedff20999df2af8eb42d56 -> 
  custom:framework-win-MediaFoundation: 216162199b28c13a410421893ffa2e32 -> 
  custom:container-demuxer-ogg: 62fdf1f143b41e24485cea50d1cbac27 -> 
  custom:video-decoder-webm-vp8: 9c59270c3fd7afecdb556c50c9e8de78 -> 
  custom:audio-decoder-ogg-vorbis: bf7c407c2cedff20999df2af8eb42d56 -> 
