Using pre-set license
Built from '2021.2/staging' branch; Version is '2021.2.11f1 (e50cafbb4399) revision 15010991'; Using compiler version '192829333'; Build Type 'Release'
OS: 'Windows 10  (10.0.17134) 64bit Core' Language: 'en' Physical Memory: 16228 MB
BatchMode: 1, IsHumanControllingUs: 0, StartBugReporterOnCrash: 0, Is64bit: 1, IsPro: 0

COMMAND LINE ARGUMENTS:
C:\Program Files\Unity\Hub\Editor\2021.2.11f1\Editor\Unity.exe
-adb2
-batchMode
-noUpm
-name
AssetImportWorker0
-projectPath
C:/Users/Owner/Documents/GitHub/G300/Game Project
-logFile
Logs/AssetImportWorker0.log
-srvPort
59437
Successfully changed project path to: C:/Users/Owner/Documents/GitHub/G300/Game Project
C:/Users/Owner/Documents/GitHub/G300/Game Project
[UnityMemory] Configuration Parameters - Can be set up in boot.config
    "memorysetup-bucket-allocator-granularity=16"
    "memorysetup-bucket-allocator-bucket-count=8"
    "memorysetup-bucket-allocator-block-size=33554432"
    "memorysetup-bucket-allocator-block-count=8"
    "memorysetup-main-allocator-block-size=16777216"
    "memorysetup-thread-allocator-block-size=16777216"
    "memorysetup-gfx-main-allocator-block-size=16777216"
    "memorysetup-gfx-thread-allocator-block-size=16777216"
    "memorysetup-cache-allocator-block-size=4194304"
    "memorysetup-typetree-allocator-block-size=2097152"
    "memorysetup-profiler-bucket-allocator-granularity=16"
    "memorysetup-profiler-bucket-allocator-bucket-count=8"
    "memorysetup-profiler-bucket-allocator-block-size=33554432"
    "memorysetup-profiler-bucket-allocator-block-count=8"
    "memorysetup-profiler-allocator-block-size=16777216"
    "memorysetup-profiler-editor-allocator-block-size=1048576"
    "memorysetup-temp-allocator-size-main=16777216"
    "memorysetup-job-temp-allocator-block-size=2097152"
    "memorysetup-job-temp-allocator-block-size-background=1048576"
    "memorysetup-job-temp-allocator-reduction-small-platforms=262144"
    "memorysetup-temp-allocator-size-background-worker=32768"
    "memorysetup-temp-allocator-size-job-worker=262144"
    "memorysetup-temp-allocator-size-preload-manager=33554432"
    "memorysetup-temp-allocator-size-nav-mesh-worker=65536"
    "memorysetup-temp-allocator-size-audio-worker=65536"
    "memorysetup-temp-allocator-size-cloud-worker=32768"
    "memorysetup-temp-allocator-size-gi-baking-worker=262144"
    "memorysetup-temp-allocator-size-gfx=262144"
Refreshing native plugins compatible for Editor in 59.30 ms, found 2 plugins.
Preloading 0 native plugins for Editor in 0.00 ms.
Initialize engine version: 2021.2.11f1 (e50cafbb4399)
[Subsystems] Discovering subsystems at path C:/Program Files/Unity/Hub/Editor/2021.2.11f1/Editor/Data/Resources/UnitySubsystems
[Subsystems] Discovering subsystems at path C:/Users/Owner/Documents/GitHub/G300/Game Project/Assets
GfxDevice: creating device client; threaded=0; jobified=0
Direct3D:
    Version:  Direct3D 11.0 [level 11.1]
    Renderer: NVIDIA GeForce MX150 (ID=0x1d10)
    Vendor:   NVIDIA
    VRAM:     1983 MB
    Driver:   24.21.13.9836
Initialize mono
Mono path[0] = 'C:/Program Files/Unity/Hub/Editor/2021.2.11f1/Editor/Data/Managed'
Mono path[1] = 'C:/Program Files/Unity/Hub/Editor/2021.2.11f1/Editor/Data/MonoBleedingEdge/lib/mono/unityjit-win32'
Mono config path = 'C:/Program Files/Unity/Hub/Editor/2021.2.11f1/Editor/Data/MonoBleedingEdge/etc'
Using monoOptions --debugger-agent=transport=dt_socket,embedding=1,server=y,suspend=n,address=127.0.0.1:56072
Begin MonoManager ReloadAssembly
Registering precompiled unity dll's ...
Register platform support module: C:/Program Files/Unity/Hub/Editor/2021.2.11f1/Editor/Data/PlaybackEngines/WindowsStandaloneSupport/UnityEditor.WindowsStandalone.Extensions.dll
Registered in 0.006147 seconds.
Native extension for WindowsStandalone target not found
Refreshing native plugins compatible for Editor in 43.31 ms, found 2 plugins.
Preloading 0 native plugins for Editor in 0.00 ms.
Mono: successfully reloaded assembly
- Completed reload, in  0.634 seconds
Domain Reload Profiling:
	ReloadAssembly (634ms)
		BeginReloadAssembly (87ms)
			ExecutionOrderSort (0ms)
			DisableScriptedObjects (0ms)
			BackupInstance (0ms)
			ReleaseScriptingObjects (0ms)
			CreateAndSetChildDomain (1ms)
		EndReloadAssembly (463ms)
			LoadAssemblies (84ms)
			RebuildTransferFunctionScriptingTraits (0ms)
			SetupTypeCache (110ms)
			ReleaseScriptCaches (0ms)
			RebuildScriptCaches (29ms)
			SetupLoadedEditorAssemblies (265ms)
				LogAssemblyErrors (0ms)
				InitializePlatformSupportModulesInManaged (15ms)
				SetLoadedEditorAssemblies (0ms)
				RefreshPlugins (43ms)
				BeforeProcessingInitializeOnLoad (1ms)
				ProcessInitializeOnLoadAttributes (150ms)
				ProcessInitializeOnLoadMethodAttributes (55ms)
				AfterProcessingInitializeOnLoad (0ms)
				EditorAssembliesLoaded (0ms)
			ExecutionOrderSort2 (0ms)
			AwakeInstancesAfterBackupRestoration (0ms)
Platform modules already initialized, skipping
Registering precompiled user dll's ...
Registered in 0.005183 seconds.
Begin MonoManager ReloadAssembly
Native extension for WindowsStandalone target not found
Refreshing native plugins compatible for Editor in 0.86 ms, found 2 plugins.
Preloading 0 native plugins for Editor in 0.00 ms.
Mono: successfully reloaded assembly
- Completed reload, in  1.138 seconds
Domain Reload Profiling:
	ReloadAssembly (1139ms)
		BeginReloadAssembly (136ms)
			ExecutionOrderSort (0ms)
			DisableScriptedObjects (6ms)
			BackupInstance (0ms)
			ReleaseScriptingObjects (0ms)
			CreateAndSetChildDomain (21ms)
		EndReloadAssembly (868ms)
			LoadAssemblies (97ms)
			RebuildTransferFunctionScriptingTraits (0ms)
			SetupTypeCache (245ms)
			ReleaseScriptCaches (0ms)
			RebuildScriptCaches (56ms)
			SetupLoadedEditorAssemblies (426ms)
				LogAssemblyErrors (0ms)
				InitializePlatformSupportModulesInManaged (14ms)
				SetLoadedEditorAssemblies (1ms)
				RefreshPlugins (1ms)
				BeforeProcessingInitializeOnLoad (84ms)
				ProcessInitializeOnLoadAttributes (284ms)
				ProcessInitializeOnLoadMethodAttributes (31ms)
				AfterProcessingInitializeOnLoad (12ms)
				EditorAssembliesLoaded (0ms)
			ExecutionOrderSort2 (0ms)
			AwakeInstancesAfterBackupRestoration (13ms)
Platform modules already initialized, skipping
========================================================================
Worker process is ready to serve import requests
Launched and connected shader compiler UnityShaderCompiler.exe after 0.05 seconds
Refreshing native plugins compatible for Editor in 0.57 ms, found 2 plugins.
Preloading 0 native plugins for Editor in 0.00 ms.
Unloading 1912 Unused Serialized files (Serialized files now loaded: 0)
Unloading 20 unused Assets / (102.3 KB). Loaded Objects now: 2381.
Memory consumption went from 85.8 MB to 85.7 MB.
Total: 3.399455 ms (FindLiveObjects: 0.210249 ms CreateObjectMapping: 0.117205 ms MarkObjects: 2.935776 ms  DeleteObjects: 0.134683 ms)

AssetImportParameters requested are different than current active one (requested -> active):
  custom:video-decoder-ogg-theora: a1e56fd34408186e4bbccfd4996cb3dc -> 
  custom:container-muxer-webm: aa71ff27fc2769a1b78a27578f13a17b -> 
  custom:container-demuxer-webm: 4f35f7cbe854078d1ac9338744f61a02 -> 
  custom:video-encoder-webm-vp8: eb34c28f22e8b96e1ab97ce403110664 -> 
  custom:video-codec-MediaFoundation-h265: 746d11721c4dcdbdad8f713fa42b33f4 -> 
  custom:audio-encoder-webm-vorbis: bf7c407c2cedff20999df2af8eb42d56 -> 
  custom:framework-win-MediaFoundation: 216162199b28c13a410421893ffa2e32 -> 
  custom:container-demuxer-ogg: 62fdf1f143b41e24485cea50d1cbac27 -> 
  custom:video-decoder-webm-vp8: 9c59270c3fd7afecdb556c50c9e8de78 -> 
  custom:audio-decoder-ogg-vorbis: bf7c407c2cedff20999df2af8eb42d56 -> 
========================================================================
Received Import Request.
  Time since last request: 179723.177934 seconds.
  path: Assets/russian_buildings/materials
  artifactKey: Guid(75bb1589da5fd75409a48fbdfb6e4a47) Importer(815301076,1909f56bfc062723c751e8b465ee728b)
Start importing Assets/russian_buildings/materials using Guid(75bb1589da5fd75409a48fbdfb6e4a47) Importer(815301076,1909f56bfc062723c751e8b465ee728b)  -> (artifact id: '9ef11c96f1be34ed2ea41e4d301345b3') in 0.011592 seconds 
========================================================================
Received Import Request.
  Time since last request: 0.000025 seconds.
  path: Assets/russian_buildings/materials/rus_build_lod_03.mat
  artifactKey: Guid(f585e1d7a595b4947a606c5217360c0d) Importer(815301076,1909f56bfc062723c751e8b465ee728b)
Start importing Assets/russian_buildings/materials/rus_build_lod_03.mat using Guid(f585e1d7a595b4947a606c5217360c0d) Importer(815301076,1909f56bfc062723c751e8b465ee728b)  -> (artifact id: '879d6e492ac3e8c033725a08a7cef3f9') in 0.495252 seconds 
========================================================================
Received Import Request.
  Time since last request: 94.221226 seconds.
  path: Assets/russian_buildings/meshes
  artifactKey: Guid(2f411b68268be5344a8e5f73c122c070) Importer(815301076,1909f56bfc062723c751e8b465ee728b)
Start importing Assets/russian_buildings/meshes using Guid(2f411b68268be5344a8e5f73c122c070) Importer(815301076,1909f56bfc062723c751e8b465ee728b)  -> (artifact id: '75653d473374a42b4353d5af829a1878') in 0.008441 seconds 
========================================================================
Received Import Request.
  Time since last request: 2.115801 seconds.
  path: Assets/russian_buildings/meshes/buildings_low
  artifactKey: Guid(dba98005c9f313c4dbaaac2271fee9c9) Importer(815301076,1909f56bfc062723c751e8b465ee728b)
Start importing Assets/russian_buildings/meshes/buildings_low using Guid(dba98005c9f313c4dbaaac2271fee9c9) Importer(815301076,1909f56bfc062723c751e8b465ee728b)  -> (artifact id: 'a2126bdb0cfa80964ffddaae7484afc3') in 0.006155 seconds 
========================================================================
Received Import Request.
  Time since last request: 0.260884 seconds.
  path: Assets/russian_buildings/meshes/buildings_low/rus_build_2et_01_LOD1.obj
  artifactKey: Guid(dfac9b544c7485f41b929d61e9c3df14) Importer(815301076,1909f56bfc062723c751e8b465ee728b)
Start importing Assets/russian_buildings/meshes/buildings_low/rus_build_2et_01_LOD1.obj using Guid(dfac9b544c7485f41b929d61e9c3df14) Importer(815301076,1909f56bfc062723c751e8b465ee728b)  -> (artifact id: 'd9f7d27ffc22060f76abbf84c56ef387') in 0.480359 seconds 
========================================================================
Received Import Request.
  Time since last request: 0.000027 seconds.
  path: Assets/russian_buildings/meshes/buildings_low/rus_build_5et_01_LOD2.obj
  artifactKey: Guid(d65e7cd176f1f824ba5a8e7c5a013a9d) Importer(815301076,1909f56bfc062723c751e8b465ee728b)
Start importing Assets/russian_buildings/meshes/buildings_low/rus_build_5et_01_LOD2.obj using Guid(d65e7cd176f1f824ba5a8e7c5a013a9d) Importer(815301076,1909f56bfc062723c751e8b465ee728b)  -> (artifact id: '41b9be429e2c61ec0ae68c4444db6387') in 0.045426 seconds 
========================================================================
Received Import Request.
  Time since last request: 0.000027 seconds.
  path: Assets/russian_buildings/meshes/buildings_low/rus_build_5et_03b_LOD1.obj
  artifactKey: Guid(ddecc40229b3b5e4cb200e1225bb5fe4) Importer(815301076,1909f56bfc062723c751e8b465ee728b)
Start importing Assets/russian_buildings/meshes/buildings_low/rus_build_5et_03b_LOD1.obj using Guid(ddecc40229b3b5e4cb200e1225bb5fe4) Importer(815301076,1909f56bfc062723c751e8b465ee728b)  -> (artifact id: '9f8e1b2ae455229f2a5fb5b85187c7df') in 0.038766 seconds 
========================================================================
Received Import Request.
  Time since last request: 0.000019 seconds.
  path: Assets/russian_buildings/meshes/buildings_low/rus_build_2et_01a_LOD1.obj
  artifactKey: Guid(0293a07edb16da54a9ecbee852e59c4a) Importer(815301076,1909f56bfc062723c751e8b465ee728b)
Start importing Assets/russian_buildings/meshes/buildings_low/rus_build_2et_01a_LOD1.obj using Guid(0293a07edb16da54a9ecbee852e59c4a) Importer(815301076,1909f56bfc062723c751e8b465ee728b)  -> (artifact id: '749c50de0e88ac47dabcd3a11556e821') in 0.042428 seconds 
========================================================================
Received Import Request.
  Time since last request: 0.000036 seconds.
  path: Assets/russian_buildings/meshes/buildings_low/rus_build_5et_03c_LOD2.obj
  artifactKey: Guid(43fd8e64af05c8d468a14c72a49a5b1c) Importer(815301076,1909f56bfc062723c751e8b465ee728b)
Start importing Assets/russian_buildings/meshes/buildings_low/rus_build_5et_03c_LOD2.obj using Guid(43fd8e64af05c8d468a14c72a49a5b1c) Importer(815301076,1909f56bfc062723c751e8b465ee728b)  -> (artifact id: 'da8f46fce3e2dc8c221f6bc148d84f0d') in 0.038809 seconds 
========================================================================
Received Import Request.
  Time since last request: 0.000045 seconds.
  path: Assets/russian_buildings/meshes/buildings_low/rus_build_5et_03_LOD2.obj
  artifactKey: Guid(3b3243e4de2da6a4ba8b8ed1da9dd9d2) Importer(815301076,1909f56bfc062723c751e8b465ee728b)
Start importing Assets/russian_buildings/meshes/buildings_low/rus_build_5et_03_LOD2.obj using Guid(3b3243e4de2da6a4ba8b8ed1da9dd9d2) Importer(815301076,1909f56bfc062723c751e8b465ee728b)  -> (artifact id: 'dfa1115c08a78281f63d208af2c4da59') in 0.033078 seconds 
========================================================================
Received Import Request.
  Time since last request: 0.000017 seconds.
  path: Assets/russian_buildings/meshes/buildings_low/rus_build_5et_06_LOD2.obj
  artifactKey: Guid(39a97d8f22e58e24993fbdfc75a6b1a3) Importer(815301076,1909f56bfc062723c751e8b465ee728b)
Start importing Assets/russian_buildings/meshes/buildings_low/rus_build_5et_06_LOD2.obj using Guid(39a97d8f22e58e24993fbdfc75a6b1a3) Importer(815301076,1909f56bfc062723c751e8b465ee728b)  -> (artifact id: 'adfe3dfbeb8bef531fd49aeceaaafb58') in 0.038738 seconds 
========================================================================
Received Import Request.
  Time since last request: 0.000038 seconds.
  path: Assets/russian_buildings/meshes/buildings_low/rus_build_9et_01_LOD1.obj
  artifactKey: Guid(a718571e5356616488bf14400bf9ba4e) Importer(815301076,1909f56bfc062723c751e8b465ee728b)
Start importing Assets/russian_buildings/meshes/buildings_low/rus_build_9et_01_LOD1.obj using Guid(a718571e5356616488bf14400bf9ba4e) Importer(815301076,1909f56bfc062723c751e8b465ee728b)  -> (artifact id: 'dd54417428dcda7189d80e4c7657b9c1') in 0.041382 seconds 
========================================================================
Received Import Request.
  Time since last request: 0.000070 seconds.
  path: Assets/russian_buildings/meshes/buildings_low/rus_build_9et_02_LOD2.obj
  artifactKey: Guid(ace65526559bc3043a159e1c222f30bd) Importer(815301076,1909f56bfc062723c751e8b465ee728b)
Start importing Assets/russian_buildings/meshes/buildings_low/rus_build_9et_02_LOD2.obj using Guid(ace65526559bc3043a159e1c222f30bd) Importer(815301076,1909f56bfc062723c751e8b465ee728b)  -> (artifact id: '47ed3f57dbf4193855cc1e8e76e138e5') in 0.037491 seconds 
========================================================================
Received Import Request.
  Time since last request: 0.000025 seconds.
  path: Assets/russian_buildings/meshes/buildings_low/rus_build_5et_04_LOD2.obj
  artifactKey: Guid(d21dbc8848b6fd64fa5b4826b01703e4) Importer(815301076,1909f56bfc062723c751e8b465ee728b)
Start importing Assets/russian_buildings/meshes/buildings_low/rus_build_5et_04_LOD2.obj using Guid(d21dbc8848b6fd64fa5b4826b01703e4) Importer(815301076,1909f56bfc062723c751e8b465ee728b)  -> (artifact id: '3b51bc9e7a31cfc5e00a54085dfebc14') in 0.039835 seconds 
========================================================================
Received Import Request.
  Time since last request: 0.000031 seconds.
  path: Assets/russian_buildings/meshes/buildings_low/rus_build_5et_03_LOD1.obj
  artifactKey: Guid(184809d6ca1ef2f4bbcb3b48012ffa45) Importer(815301076,1909f56bfc062723c751e8b465ee728b)
Start importing Assets/russian_buildings/meshes/buildings_low/rus_build_5et_03_LOD1.obj using Guid(184809d6ca1ef2f4bbcb3b48012ffa45) Importer(815301076,1909f56bfc062723c751e8b465ee728b)  -> (artifact id: '5a54d0d0e472d316dfbd9d4098ea1f29') in 0.039579 seconds 
========================================================================
Received Import Request.
  Time since last request: 0.000030 seconds.
  path: Assets/russian_buildings/meshes/buildings_low/rus_build_5et_03a_LOD1.obj
  artifactKey: Guid(34891f4ab6531d44ebc9bd333b2ce126) Importer(815301076,1909f56bfc062723c751e8b465ee728b)
Start importing Assets/russian_buildings/meshes/buildings_low/rus_build_5et_03a_LOD1.obj using Guid(34891f4ab6531d44ebc9bd333b2ce126) Importer(815301076,1909f56bfc062723c751e8b465ee728b)  -> (artifact id: '9377554de9b113ba5efd51c1ba13fa30') in 0.042447 seconds 
========================================================================
Received Import Request.
  Time since last request: 0.000033 seconds.
  path: Assets/russian_buildings/meshes/buildings_low/rus_build_2et_01a_LOD2.obj
  artifactKey: Guid(8988eb6cccf5d60469dc52c8d9310cf1) Importer(815301076,1909f56bfc062723c751e8b465ee728b)
Start importing Assets/russian_buildings/meshes/buildings_low/rus_build_2et_01a_LOD2.obj using Guid(8988eb6cccf5d60469dc52c8d9310cf1) Importer(815301076,1909f56bfc062723c751e8b465ee728b)  -> (artifact id: '7b0114d1f62563130abe89dea577f581') in 0.032746 seconds 
========================================================================
Received Import Request.
  Time since last request: 0.000025 seconds.
  path: Assets/russian_buildings/meshes/buildings_low/rus_build_5et_03c_LOD1.obj
  artifactKey: Guid(e7e7c51b78666ab4b8aea1cacf45f949) Importer(815301076,1909f56bfc062723c751e8b465ee728b)
Start importing Assets/russian_buildings/meshes/buildings_low/rus_build_5et_03c_LOD1.obj using Guid(e7e7c51b78666ab4b8aea1cacf45f949) Importer(815301076,1909f56bfc062723c751e8b465ee728b)  -> (artifact id: '2a8b33b582572a25512075c6b3aa6e90') in 0.035621 seconds 
========================================================================
Received Import Request.
  Time since last request: 0.000034 seconds.
  path: Assets/russian_buildings/meshes/buildings_low/rus_build_5et_05_LOD1.obj
  artifactKey: Guid(9d164ab0d309bcf44a6775ca89c73d6b) Importer(815301076,1909f56bfc062723c751e8b465ee728b)
Start importing Assets/russian_buildings/meshes/buildings_low/rus_build_5et_05_LOD1.obj using Guid(9d164ab0d309bcf44a6775ca89c73d6b) Importer(815301076,1909f56bfc062723c751e8b465ee728b)  -> (artifact id: 'b4cbcc8f225b7f105985154e7ac474c8') in 0.040785 seconds 
========================================================================
Received Import Request.
  Time since last request: 0.000112 seconds.
  path: Assets/russian_buildings/meshes/buildings_low/rus_build_4et_01_LOD2.obj
  artifactKey: Guid(cc31e9655c0f7c54d8b562abffc4bfb1) Importer(815301076,1909f56bfc062723c751e8b465ee728b)
Start importing Assets/russian_buildings/meshes/buildings_low/rus_build_4et_01_LOD2.obj using Guid(cc31e9655c0f7c54d8b562abffc4bfb1) Importer(815301076,1909f56bfc062723c751e8b465ee728b)  -> (artifact id: '9f0fdf8f149e719c3eb285e6e62894a7') in 0.041574 seconds 
========================================================================
Received Import Request.
  Time since last request: 0.000124 seconds.
  path: Assets/russian_buildings/meshes/buildings_low/rus_build_5et_03b_LOD2.obj
  artifactKey: Guid(6f40be15404c06d45949f0aec91fdd34) Importer(815301076,1909f56bfc062723c751e8b465ee728b)
Start importing Assets/russian_buildings/meshes/buildings_low/rus_build_5et_03b_LOD2.obj using Guid(6f40be15404c06d45949f0aec91fdd34) Importer(815301076,1909f56bfc062723c751e8b465ee728b)  -> (artifact id: '86aa10a3374500da44999e37c5a65a76') in 0.041885 seconds 
========================================================================
Received Import Request.
  Time since last request: 0.000084 seconds.
  path: Assets/russian_buildings/meshes/buildings_low/rus_build_9et_02a_LOD1.obj
  artifactKey: Guid(0f3ef56cf63ec1b45bf315d2baaa7a01) Importer(815301076,1909f56bfc062723c751e8b465ee728b)
Start importing Assets/russian_buildings/meshes/buildings_low/rus_build_9et_02a_LOD1.obj using Guid(0f3ef56cf63ec1b45bf315d2baaa7a01) Importer(815301076,1909f56bfc062723c751e8b465ee728b)  -> (artifact id: 'ba788dbe3ee358da2e4d7f251e7b1cb2') in 0.039571 seconds 
========================================================================
Received Import Request.
  Time since last request: 0.000023 seconds.
  path: Assets/russian_buildings/meshes/buildings_low/rus_build_4et_01_LOD1.obj
  artifactKey: Guid(480369b02f3d8804bb808bb73e17a191) Importer(815301076,1909f56bfc062723c751e8b465ee728b)
Start importing Assets/russian_buildings/meshes/buildings_low/rus_build_4et_01_LOD1.obj using Guid(480369b02f3d8804bb808bb73e17a191) Importer(815301076,1909f56bfc062723c751e8b465ee728b)  -> (artifact id: '2218dc835847a9f7aa01d0c991f20b23') in 0.045896 seconds 
========================================================================
Received Import Request.
  Time since last request: 0.000092 seconds.
  path: Assets/russian_buildings/meshes/buildings_low/rus_build_5et_05_LOD2.obj
  artifactKey: Guid(6d5fc8075cb1fd64aa5e4a629ee5e5a5) Importer(815301076,1909f56bfc062723c751e8b465ee728b)
Start importing Assets/russian_buildings/meshes/buildings_low/rus_build_5et_05_LOD2.obj using Guid(6d5fc8075cb1fd64aa5e4a629ee5e5a5) Importer(815301076,1909f56bfc062723c751e8b465ee728b)  -> (artifact id: '0c6d7193c7d401592c0e1fcf79db90e3') in 0.042163 seconds 
========================================================================
Received Import Request.
  Time since last request: 0.000121 seconds.
  path: Assets/russian_buildings/meshes/buildings_low/rus_build_2et_01c_LOD2.obj
  artifactKey: Guid(ccdf453df53873d4cac6a19d3deff07c) Importer(815301076,1909f56bfc062723c751e8b465ee728b)
Start importing Assets/russian_buildings/meshes/buildings_low/rus_build_2et_01c_LOD2.obj using Guid(ccdf453df53873d4cac6a19d3deff07c) Importer(815301076,1909f56bfc062723c751e8b465ee728b)  -> (artifact id: 'a6221421bfadd432a0c28607a219bd9c') in 0.035102 seconds 
========================================================================
Received Import Request.
  Time since last request: 0.000018 seconds.
  path: Assets/russian_buildings/meshes/buildings_low/rus_build_5et_02_LOD1.obj
  artifactKey: Guid(587aed8c0c602b94d95e75ea5c62a6bb) Importer(815301076,1909f56bfc062723c751e8b465ee728b)
Start importing Assets/russian_buildings/meshes/buildings_low/rus_build_5et_02_LOD1.obj using Guid(587aed8c0c602b94d95e75ea5c62a6bb) Importer(815301076,1909f56bfc062723c751e8b465ee728b)  -> (artifact id: '13cb52f47b70870d6860e08a236d5cc4') in 0.044629 seconds 
========================================================================
Received Import Request.
  Time since last request: 0.000046 seconds.
  path: Assets/russian_buildings/meshes/buildings_low/rus_build_5et_02a_LOD1.obj
  artifactKey: Guid(80322a3fc30839947bb4494daa2bf2bd) Importer(815301076,1909f56bfc062723c751e8b465ee728b)
Start importing Assets/russian_buildings/meshes/buildings_low/rus_build_5et_02a_LOD1.obj using Guid(80322a3fc30839947bb4494daa2bf2bd) Importer(815301076,1909f56bfc062723c751e8b465ee728b)  -> (artifact id: 'cc806fcfefc2ee9dabe2ff95d1264e81') in 0.035913 seconds 
========================================================================
Received Import Request.
  Time since last request: 0.000132 seconds.
  path: Assets/russian_buildings/meshes/buildings_low/rus_build_9et_01a_LOD1.obj
  artifactKey: Guid(62c7dea1a7708cb40b4f7d95dc431d92) Importer(815301076,1909f56bfc062723c751e8b465ee728b)
Start importing Assets/russian_buildings/meshes/buildings_low/rus_build_9et_01a_LOD1.obj using Guid(62c7dea1a7708cb40b4f7d95dc431d92) Importer(815301076,1909f56bfc062723c751e8b465ee728b)  -> (artifact id: '793266be9763403efd44ea352960805d') in 0.037932 seconds 
========================================================================
Received Import Request.
  Time since last request: 0.000023 seconds.
  path: Assets/russian_buildings/meshes/buildings_low/rus_build_9et_01a_LOD2.obj
  artifactKey: Guid(05551222aa54cd74fb43d872fa7d1a44) Importer(815301076,1909f56bfc062723c751e8b465ee728b)
Start importing Assets/russian_buildings/meshes/buildings_low/rus_build_9et_01a_LOD2.obj using Guid(05551222aa54cd74fb43d872fa7d1a44) Importer(815301076,1909f56bfc062723c751e8b465ee728b)  -> (artifact id: '0dad074d475624a25d2cf520a4b8f1d6') in 0.032213 seconds 
========================================================================
Received Import Request.
  Time since last request: 4.271092 seconds.
  path: Assets/RPG_FPS_game_assets_industrial
  artifactKey: Guid(bc027cd2e6591284c8bb5ae2c808c402) Importer(815301076,1909f56bfc062723c751e8b465ee728b)
Start importing Assets/RPG_FPS_game_assets_industrial using Guid(bc027cd2e6591284c8bb5ae2c808c402) Importer(815301076,1909f56bfc062723c751e8b465ee728b)  -> (artifact id: '9170a447e6e464de5de7a71b39b81ce7') in 0.007828 seconds 
========================================================================
Received Import Request.
  Time since last request: 4.122809 seconds.
  path: Assets/RPG_FPS_game_assets_industrial/Boxes
  artifactKey: Guid(8ec65bee3ba4fe246be437af1457c34b) Importer(815301076,1909f56bfc062723c751e8b465ee728b)
Start importing Assets/RPG_FPS_game_assets_industrial/Boxes using Guid(8ec65bee3ba4fe246be437af1457c34b) Importer(815301076,1909f56bfc062723c751e8b465ee728b)  -> (artifact id: '357c5cb60b4fd4f161c2abc471e01fe5') in 0.005874 seconds 
========================================================================
Received Import Request.
  Time since last request: 5.615497 seconds.
  path: Assets/RPG_FPS_game_assets_industrial/Oil_tanks
  artifactKey: Guid(ef06f69ba4a21a341a36bceef9fff394) Importer(815301076,1909f56bfc062723c751e8b465ee728b)
Start importing Assets/RPG_FPS_game_assets_industrial/Oil_tanks using Guid(ef06f69ba4a21a341a36bceef9fff394) Importer(815301076,1909f56bfc062723c751e8b465ee728b)  -> (artifact id: '5f5736a154222b0e53e4fdfa7d912dec') in 0.006321 seconds 
========================================================================
Received Import Request.
  Time since last request: 2.989927 seconds.
  path: Assets/RPG_FPS_game_assets_industrial/Textures
  artifactKey: Guid(fb80605a518b6e24098300d0fcb1e0ee) Importer(815301076,1909f56bfc062723c751e8b465ee728b)
Start importing Assets/RPG_FPS_game_assets_industrial/Textures using Guid(fb80605a518b6e24098300d0fcb1e0ee) Importer(815301076,1909f56bfc062723c751e8b465ee728b)  -> (artifact id: 'd46b10358156a62c5c2290f45f4302fb') in 0.007157 seconds 
========================================================================
Received Import Request.
  Time since last request: 1.814485 seconds.
  path: Assets/RPG_FPS_game_assets_industrial/Textures/Concrete_wall
  artifactKey: Guid(688ac4196518a54448d3f16172589e38) Importer(815301076,1909f56bfc062723c751e8b465ee728b)
Start importing Assets/RPG_FPS_game_assets_industrial/Textures/Concrete_wall using Guid(688ac4196518a54448d3f16172589e38) Importer(815301076,1909f56bfc062723c751e8b465ee728b)  -> (artifact id: 'c978c036af2638ef2f0f2816c9db4173') in 0.007878 seconds 
========================================================================
Received Import Request.
  Time since last request: 0.907192 seconds.
  path: Assets/RPG_FPS_game_assets_industrial/Textures/Concrete_wall/UNIConcrete_walls
  artifactKey: Guid(5e4c0584c4e257749a1c42433e1b7491) Importer(815301076,1909f56bfc062723c751e8b465ee728b)
Start importing Assets/RPG_FPS_game_assets_industrial/Textures/Concrete_wall/UNIConcrete_walls using Guid(5e4c0584c4e257749a1c42433e1b7491) Importer(815301076,1909f56bfc062723c751e8b465ee728b)  -> (artifact id: 'b7db059a8256daf5b2ebf162d4dd8f12') in 0.005747 seconds 
========================================================================
Received Import Request.
  Time since last request: 0.623707 seconds.
  path: Assets/RPG_FPS_game_assets_industrial/Textures/Concrete_wall/UNIConcrete_walls/UNIConcrete_wall_v1
  artifactKey: Guid(0050cc409568a054a8e2f43c63ab5bfb) Importer(815301076,1909f56bfc062723c751e8b465ee728b)
Start importing Assets/RPG_FPS_game_assets_industrial/Textures/Concrete_wall/UNIConcrete_walls/UNIConcrete_wall_v1 using Guid(0050cc409568a054a8e2f43c63ab5bfb) Importer(815301076,1909f56bfc062723c751e8b465ee728b)  -> (artifact id: '1b9156d683287e7d69e3f8e5a1980351') in 0.006101 seconds 
========================================================================
Received Import Request.
  Time since last request: 0.252560 seconds.
  path: Assets/RPG_FPS_game_assets_industrial/Textures/Concrete_wall/UNIConcrete_walls/UNIConcrete_wall_v1/UNIConcrete_wall_v1.mat
  artifactKey: Guid(4b2c2bed67203ed45aa381875cc556bb) Importer(815301076,1909f56bfc062723c751e8b465ee728b)
Start importing Assets/RPG_FPS_game_assets_industrial/Textures/Concrete_wall/UNIConcrete_walls/UNIConcrete_wall_v1/UNIConcrete_wall_v1.mat using Guid(4b2c2bed67203ed45aa381875cc556bb) Importer(815301076,1909f56bfc062723c751e8b465ee728b)  -> (artifact id: 'b8f01c4a636dce4d0394afbd3308156f') in 0.081034 seconds 
========================================================================
Received Import Request.
  Time since last request: 232.263140 seconds.
  path: Assets/RPG_FPS_game_assets_industrial/Textures/Transparent
  artifactKey: Guid(9316d4b0b62f6864cafe8c42401e3b61) Importer(815301076,1909f56bfc062723c751e8b465ee728b)
Start importing Assets/RPG_FPS_game_assets_industrial/Textures/Transparent using Guid(9316d4b0b62f6864cafe8c42401e3b61) Importer(815301076,1909f56bfc062723c751e8b465ee728b)  -> (artifact id: '1118bc99c7e76d8a2c80d6f17ca44235') in 0.007832 seconds 
========================================================================
Received Import Request.
  Time since last request: 1.234463 seconds.
  path: Assets/RPG_FPS_game_assets_industrial/Textures/Transparent/Lattice
  artifactKey: Guid(1900815465a172c42bfa310ab75078c3) Importer(815301076,1909f56bfc062723c751e8b465ee728b)
Start importing Assets/RPG_FPS_game_assets_industrial/Textures/Transparent/Lattice using Guid(1900815465a172c42bfa310ab75078c3) Importer(815301076,1909f56bfc062723c751e8b465ee728b)  -> (artifact id: 'df0a16a8959ac9411c0b9a80867ccccd') in 0.006712 seconds 
========================================================================
Received Import Request.
  Time since last request: 0.580850 seconds.
  path: Assets/RPG_FPS_game_assets_industrial/Textures/Transparent/Lattice/Lattice_v1
  artifactKey: Guid(75c5dc446e584814690b0b8a0f0d2c35) Importer(815301076,1909f56bfc062723c751e8b465ee728b)
Start importing Assets/RPG_FPS_game_assets_industrial/Textures/Transparent/Lattice/Lattice_v1 using Guid(75c5dc446e584814690b0b8a0f0d2c35) Importer(815301076,1909f56bfc062723c751e8b465ee728b)  -> (artifact id: '539103e953ff819b8f238432e2aee92c') in 0.006448 seconds 
========================================================================
Received Import Request.
  Time since last request: 0.029345 seconds.
  path: Assets/RPG_FPS_game_assets_industrial/Textures/Transparent/Lattice/Lattice_v1/Lattice_v1.mat
  artifactKey: Guid(666d0826bcae23540ad89fb826867c32) Importer(815301076,1909f56bfc062723c751e8b465ee728b)
Start importing Assets/RPG_FPS_game_assets_industrial/Textures/Transparent/Lattice/Lattice_v1/Lattice_v1.mat using Guid(666d0826bcae23540ad89fb826867c32) Importer(815301076,1909f56bfc062723c751e8b465ee728b)  -> (artifact id: '7d2becb7df2bd404e827a2e4218487af') in 0.128561 seconds 
========================================================================
Received Import Request.
  Time since last request: 4.949377 seconds.
  path: Assets/RPG_FPS_game_assets_industrial/Roads
  artifactKey: Guid(17ba308a597e27f4e9012b5cd729f02e) Importer(815301076,1909f56bfc062723c751e8b465ee728b)
Start importing Assets/RPG_FPS_game_assets_industrial/Roads using Guid(17ba308a597e27f4e9012b5cd729f02e) Importer(815301076,1909f56bfc062723c751e8b465ee728b)  -> (artifact id: 'e1f244015f3ab3d54af981bd397cf418') in 0.007273 seconds 
========================================================================
Received Import Request.
  Time since last request: 1.538950 seconds.
  path: Assets/RPG_FPS_game_assets_industrial/Roads/Floor_elevation_sets
  artifactKey: Guid(4bf8f9f47cfd35c43b1b6f903e2931ff) Importer(815301076,1909f56bfc062723c751e8b465ee728b)
Start importing Assets/RPG_FPS_game_assets_industrial/Roads/Floor_elevation_sets using Guid(4bf8f9f47cfd35c43b1b6f903e2931ff) Importer(815301076,1909f56bfc062723c751e8b465ee728b)  -> (artifact id: '0b2d3d0225fb4978ed1edb8755f751a9') in 0.005923 seconds 
========================================================================
Received Import Request.
  Time since last request: 0.558464 seconds.
  path: Assets/RPG_FPS_game_assets_industrial/Roads/Floor_elevation_sets/UNIFloor_elevation_set_v1
  artifactKey: Guid(1f612d0a7b864004dbede7d4de574ae7) Importer(815301076,1909f56bfc062723c751e8b465ee728b)
Start importing Assets/RPG_FPS_game_assets_industrial/Roads/Floor_elevation_sets/UNIFloor_elevation_set_v1 using Guid(1f612d0a7b864004dbede7d4de574ae7) Importer(815301076,1909f56bfc062723c751e8b465ee728b)  -> (artifact id: '4ba65590374110dc8d7930f0aa474c7f') in 0.007227 seconds 
========================================================================
Received Import Request.
  Time since last request: 0.051656 seconds.
  path: Assets/RPG_FPS_game_assets_industrial/Roads/Floor_elevation_sets/UNIFloor_elevation_set_v1/UNIConcrete_wall_v1_S_L_1.prefab
  artifactKey: Guid(f1713c869f87944428ac3dfac534a165) Importer(815301076,1909f56bfc062723c751e8b465ee728b)
Start importing Assets/RPG_FPS_game_assets_industrial/Roads/Floor_elevation_sets/UNIFloor_elevation_set_v1/UNIConcrete_wall_v1_S_L_1.prefab using Guid(f1713c869f87944428ac3dfac534a165) Importer(815301076,1909f56bfc062723c751e8b465ee728b)  -> (artifact id: '5ee6cc471a15185bf1e08899f8774300') in 0.021321 seconds 
========================================================================
Received Import Request.
  Time since last request: 0.000016 seconds.
  path: Assets/RPG_FPS_game_assets_industrial/Roads/Floor_elevation_sets/UNIFloor_elevation_set_v1/UNIConcrete_wall_v1_W_end_4.prefab
  artifactKey: Guid(79fcf40c17def694d9e8d130f75750a2) Importer(815301076,1909f56bfc062723c751e8b465ee728b)
Start importing Assets/RPG_FPS_game_assets_industrial/Roads/Floor_elevation_sets/UNIFloor_elevation_set_v1/UNIConcrete_wall_v1_W_end_4.prefab using Guid(79fcf40c17def694d9e8d130f75750a2) Importer(815301076,1909f56bfc062723c751e8b465ee728b)  -> (artifact id: 'ccbead844054b3e6abcb83e23f7d026a') in 0.024338 seconds 
========================================================================
Received Import Request.
  Time since last request: 0.000046 seconds.
  path: Assets/RPG_FPS_game_assets_industrial/Roads/Floor_elevation_sets/UNIFloor_elevation_set_v1/UNIConcrete_wall_v1_S_left.prefab
  artifactKey: Guid(38c764ae84d05c74aa08d07948986de3) Importer(815301076,1909f56bfc062723c751e8b465ee728b)
Start importing Assets/RPG_FPS_game_assets_industrial/Roads/Floor_elevation_sets/UNIFloor_elevation_set_v1/UNIConcrete_wall_v1_S_left.prefab using Guid(38c764ae84d05c74aa08d07948986de3) Importer(815301076,1909f56bfc062723c751e8b465ee728b)  -> (artifact id: 'bbb5925f65da963c599f386e85bd2fd1') in 0.020830 seconds 
========================================================================
Received Import Request.
  Time since last request: 0.000050 seconds.
  path: Assets/RPG_FPS_game_assets_industrial/Roads/Floor_elevation_sets/UNIFloor_elevation_set_v1/UNIConcrete_wall_v1_W_end_3.prefab
  artifactKey: Guid(51ef0a690170e4447993cb966ef83781) Importer(815301076,1909f56bfc062723c751e8b465ee728b)
Start importing Assets/RPG_FPS_game_assets_industrial/Roads/Floor_elevation_sets/UNIFloor_elevation_set_v1/UNIConcrete_wall_v1_W_end_3.prefab using Guid(51ef0a690170e4447993cb966ef83781) Importer(815301076,1909f56bfc062723c751e8b465ee728b)  -> (artifact id: '8fb9ea84eee927b308f24579f235cf91') in 0.022567 seconds 
========================================================================
Received Import Request.
  Time since last request: 0.000025 seconds.
  path: Assets/RPG_FPS_game_assets_industrial/Roads/Floor_elevation_sets/UNIFloor_elevation_set_v1/UNIConcrete_wall_v1_S_single.prefab
  artifactKey: Guid(88ff00979f9abfc40b8bd0cfc885d175) Importer(815301076,1909f56bfc062723c751e8b465ee728b)
Start importing Assets/RPG_FPS_game_assets_industrial/Roads/Floor_elevation_sets/UNIFloor_elevation_set_v1/UNIConcrete_wall_v1_S_single.prefab using Guid(88ff00979f9abfc40b8bd0cfc885d175) Importer(815301076,1909f56bfc062723c751e8b465ee728b)  -> (artifact id: '646f320fa1948c67776c954db7059262') in 0.023139 seconds 
========================================================================
Received Import Request.
  Time since last request: 0.000042 seconds.
  path: Assets/RPG_FPS_game_assets_industrial/Roads/Floor_elevation_sets/UNIFloor_elevation_set_v1/UNIConcrete_wall_v1_W_1.prefab
  artifactKey: Guid(aa8e284847475604385ec530acc0bc28) Importer(815301076,1909f56bfc062723c751e8b465ee728b)
Start importing Assets/RPG_FPS_game_assets_industrial/Roads/Floor_elevation_sets/UNIFloor_elevation_set_v1/UNIConcrete_wall_v1_W_1.prefab using Guid(aa8e284847475604385ec530acc0bc28) Importer(815301076,1909f56bfc062723c751e8b465ee728b)  -> (artifact id: '33afaef9f8cce1de6350f65f7e1c86d5') in 0.028821 seconds 
========================================================================
Received Import Request.
  Time since last request: 0.000020 seconds.
  path: Assets/RPG_FPS_game_assets_industrial/Roads/Floor_elevation_sets/UNIFloor_elevation_set_v1/UNIConcrete_wall_v1_S_right.prefab
  artifactKey: Guid(507134deeacac104cade4f939779e63f) Importer(815301076,1909f56bfc062723c751e8b465ee728b)
Start importing Assets/RPG_FPS_game_assets_industrial/Roads/Floor_elevation_sets/UNIFloor_elevation_set_v1/UNIConcrete_wall_v1_S_right.prefab using Guid(507134deeacac104cade4f939779e63f) Importer(815301076,1909f56bfc062723c751e8b465ee728b)  -> (artifact id: '901789080331e5ed9e5dd2405891352f') in 0.028436 seconds 
========================================================================
Received Import Request.
  Time since last request: 0.000030 seconds.
  path: Assets/RPG_FPS_game_assets_industrial/Roads/Floor_elevation_sets/UNIFloor_elevation_set_v1/UNIConcrete_wall_v1_W_3.prefab
  artifactKey: Guid(fcbcdad4411dafb489c6994b483d02a6) Importer(815301076,1909f56bfc062723c751e8b465ee728b)
Start importing Assets/RPG_FPS_game_assets_industrial/Roads/Floor_elevation_sets/UNIFloor_elevation_set_v1/UNIConcrete_wall_v1_W_3.prefab using Guid(fcbcdad4411dafb489c6994b483d02a6) Importer(815301076,1909f56bfc062723c751e8b465ee728b)  -> (artifact id: '14dbb077f9d20c181013a9adf9da87fc') in 0.028899 seconds 
========================================================================
Received Import Request.
  Time since last request: 0.000019 seconds.
  path: Assets/RPG_FPS_game_assets_industrial/Roads/Floor_elevation_sets/UNIFloor_elevation_set_v1/UNIConcrete_wall_v1_W_end_2.prefab
  artifactKey: Guid(48b4f0a37e13e804fa5c6e2ba91af4a4) Importer(815301076,1909f56bfc062723c751e8b465ee728b)
Start importing Assets/RPG_FPS_game_assets_industrial/Roads/Floor_elevation_sets/UNIFloor_elevation_set_v1/UNIConcrete_wall_v1_W_end_2.prefab using Guid(48b4f0a37e13e804fa5c6e2ba91af4a4) Importer(815301076,1909f56bfc062723c751e8b465ee728b)  -> (artifact id: 'cee543f894147c280f8f3e04d2d1b75d') in 0.028035 seconds 
========================================================================
Received Import Request.
  Time since last request: 0.000031 seconds.
  path: Assets/RPG_FPS_game_assets_industrial/Roads/Floor_elevation_sets/UNIFloor_elevation_set_v1/UNIConcrete_wall_v1_S_middle.prefab
  artifactKey: Guid(e08e48c08f76113458c351bd1e07e5ef) Importer(815301076,1909f56bfc062723c751e8b465ee728b)
Start importing Assets/RPG_FPS_game_assets_industrial/Roads/Floor_elevation_sets/UNIFloor_elevation_set_v1/UNIConcrete_wall_v1_S_middle.prefab using Guid(e08e48c08f76113458c351bd1e07e5ef) Importer(815301076,1909f56bfc062723c751e8b465ee728b)  -> (artifact id: '925bf923cefeba1cc3329d7146df68e2') in 0.026042 seconds 
========================================================================
Received Import Request.
  Time since last request: 3.267776 seconds.
  path: Assets/RPG_FPS_game_assets_industrial/Roads/Road_sets
  artifactKey: Guid(eb6a258dc9bd40149ad4a7fb6463654f) Importer(815301076,1909f56bfc062723c751e8b465ee728b)
Start importing Assets/RPG_FPS_game_assets_industrial/Roads/Road_sets using Guid(eb6a258dc9bd40149ad4a7fb6463654f) Importer(815301076,1909f56bfc062723c751e8b465ee728b)  -> (artifact id: '2312aadb900f0c7a97158391bec0ef12') in 0.008585 seconds 
========================================================================
Received Import Request.
  Time since last request: 0.740338 seconds.
  path: Assets/RPG_FPS_game_assets_industrial/Roads/Road_sets/Road_set_v1
  artifactKey: Guid(4e9dd78878ac0954db1d00c769955332) Importer(815301076,1909f56bfc062723c751e8b465ee728b)
Start importing Assets/RPG_FPS_game_assets_industrial/Roads/Road_sets/Road_set_v1 using Guid(4e9dd78878ac0954db1d00c769955332) Importer(815301076,1909f56bfc062723c751e8b465ee728b)  -> (artifact id: '84f78d438fd9d9c3155ed9295c03b7b2') in 0.006252 seconds 
========================================================================
Received Import Request.
  Time since last request: 0.060629 seconds.
  path: Assets/RPG_FPS_game_assets_industrial/Roads/Road_sets/Road_set_v1/Road_set_v1_b_bend_1.prefab
  artifactKey: Guid(01fd6d8578da5054c80273c1d59d2cf9) Importer(815301076,1909f56bfc062723c751e8b465ee728b)
Start importing Assets/RPG_FPS_game_assets_industrial/Roads/Road_sets/Road_set_v1/Road_set_v1_b_bend_1.prefab using Guid(01fd6d8578da5054c80273c1d59d2cf9) Importer(815301076,1909f56bfc062723c751e8b465ee728b)  -> (artifact id: '989c20afb24a03064506d7dcf49142e5') in 0.025008 seconds 
========================================================================
Received Import Request.
  Time since last request: 0.000017 seconds.
  path: Assets/RPG_FPS_game_assets_industrial/Roads/Road_sets/Road_set_v1/Road_set_v1_s_road_up_2m_HD.prefab
  artifactKey: Guid(f1f1a409b6b97cc4ebd46da8ebcaf014) Importer(815301076,1909f56bfc062723c751e8b465ee728b)
Start importing Assets/RPG_FPS_game_assets_industrial/Roads/Road_sets/Road_set_v1/Road_set_v1_s_road_up_2m_HD.prefab using Guid(f1f1a409b6b97cc4ebd46da8ebcaf014) Importer(815301076,1909f56bfc062723c751e8b465ee728b)  -> (artifact id: 'd026a36627eba9bda61491570313d000') in 0.028188 seconds 
========================================================================
Received Import Request.
  Time since last request: 0.000033 seconds.
  path: Assets/RPG_FPS_game_assets_industrial/Roads/Road_sets/Road_set_v1/Road_set_v1_b_floor.prefab
  artifactKey: Guid(d803e729730d97a4e89edf13b602b3f4) Importer(815301076,1909f56bfc062723c751e8b465ee728b)
Start importing Assets/RPG_FPS_game_assets_industrial/Roads/Road_sets/Road_set_v1/Road_set_v1_b_floor.prefab using Guid(d803e729730d97a4e89edf13b602b3f4) Importer(815301076,1909f56bfc062723c751e8b465ee728b)  -> (artifact id: '778c7444df941ecf32b57c13745675f4') in 0.023083 seconds 
========================================================================
Received Import Request.
  Time since last request: 0.000035 seconds.
  path: Assets/RPG_FPS_game_assets_industrial/Roads/Road_sets/Road_set_v1/Road_set_v1_s_tile_2.prefab
  artifactKey: Guid(a4ea7ad660a6e4241aff4002d350fe80) Importer(815301076,1909f56bfc062723c751e8b465ee728b)
Start importing Assets/RPG_FPS_game_assets_industrial/Roads/Road_sets/Road_set_v1/Road_set_v1_s_tile_2.prefab using Guid(a4ea7ad660a6e4241aff4002d350fe80) Importer(815301076,1909f56bfc062723c751e8b465ee728b)  -> (artifact id: '42ea49fbb796cdaf1a1f738c78bfb03e') in 0.021864 seconds 
========================================================================
Received Import Request.
  Time since last request: 0.000117 seconds.
  path: Assets/RPG_FPS_game_assets_industrial/Roads/Road_sets/Road_set_v1/Road_set_v1_s_tile_1.prefab
  artifactKey: Guid(32f01941b7ab75d4791c8d0d65d80086) Importer(815301076,1909f56bfc062723c751e8b465ee728b)
Start importing Assets/RPG_FPS_game_assets_industrial/Roads/Road_sets/Road_set_v1/Road_set_v1_s_tile_1.prefab using Guid(32f01941b7ab75d4791c8d0d65d80086) Importer(815301076,1909f56bfc062723c751e8b465ee728b)  -> (artifact id: '0718276d0acbf34c162c5a3e065c2af0') in 0.024662 seconds 
========================================================================
Received Import Request.
  Time since last request: 0.000080 seconds.
  path: Assets/RPG_FPS_game_assets_industrial/Roads/Road_sets/Road_set_v1/Road_set_v1_b_bend_3.prefab
  artifactKey: Guid(8624fec68710fac43a04faf0b0c20667) Importer(815301076,1909f56bfc062723c751e8b465ee728b)
Start importing Assets/RPG_FPS_game_assets_industrial/Roads/Road_sets/Road_set_v1/Road_set_v1_b_bend_3.prefab using Guid(8624fec68710fac43a04faf0b0c20667) Importer(815301076,1909f56bfc062723c751e8b465ee728b)  -> (artifact id: '035831e520f8bb5bcb1c338ef67db376') in 0.032180 seconds 
========================================================================
Received Import Request.
  Time since last request: 0.000031 seconds.
  path: Assets/RPG_FPS_game_assets_industrial/Roads/Road_sets/Road_set_v1/Road_set_v1_s_road_up_2m_LD.prefab
  artifactKey: Guid(0ce9133d3dc5fd5478d9e0145a0ea7b6) Importer(815301076,1909f56bfc062723c751e8b465ee728b)
Start importing Assets/RPG_FPS_game_assets_industrial/Roads/Road_sets/Road_set_v1/Road_set_v1_s_road_up_2m_LD.prefab using Guid(0ce9133d3dc5fd5478d9e0145a0ea7b6) Importer(815301076,1909f56bfc062723c751e8b465ee728b)  -> (artifact id: '075d470e50962320468a2ec3a0f5276b') in 0.034334 seconds 
========================================================================
Received Import Request.
  Time since last request: 0.000048 seconds.
  path: Assets/RPG_FPS_game_assets_industrial/Roads/Road_sets/Road_set_v1/Road_set_v1_road_up_1m_HD.prefab
  artifactKey: Guid(c626a5e84847ae34e81196b1c93c9f60) Importer(815301076,1909f56bfc062723c751e8b465ee728b)
Start importing Assets/RPG_FPS_game_assets_industrial/Roads/Road_sets/Road_set_v1/Road_set_v1_road_up_1m_HD.prefab using Guid(c626a5e84847ae34e81196b1c93c9f60) Importer(815301076,1909f56bfc062723c751e8b465ee728b)  -> (artifact id: '3dd7464df7c28204ec5ac821fd2e8e6b') in 0.030887 seconds 
========================================================================
Received Import Request.
  Time since last request: 0.000022 seconds.
  path: Assets/RPG_FPS_game_assets_industrial/Roads/Road_sets/Road_set_v1/Road_set_v1_s_road_up_1m_LD.prefab
  artifactKey: Guid(d215fe6ef7ae1204ea94555686c6b87d) Importer(815301076,1909f56bfc062723c751e8b465ee728b)
Start importing Assets/RPG_FPS_game_assets_industrial/Roads/Road_sets/Road_set_v1/Road_set_v1_s_road_up_1m_LD.prefab using Guid(d215fe6ef7ae1204ea94555686c6b87d) Importer(815301076,1909f56bfc062723c751e8b465ee728b)  -> (artifact id: 'b43b0b78b3608cac1f2138cdd714e7ca') in 0.031970 seconds 
========================================================================
Received Import Request.
  Time since last request: 0.000021 seconds.
  path: Assets/RPG_FPS_game_assets_industrial/Roads/Road_sets/Road_set_v1/Road_set_v1_s_bend_1.prefab
  artifactKey: Guid(aa63f99e99a3f454e85eff556a0b996f) Importer(815301076,1909f56bfc062723c751e8b465ee728b)
Start importing Assets/RPG_FPS_game_assets_industrial/Roads/Road_sets/Road_set_v1/Road_set_v1_s_bend_1.prefab using Guid(aa63f99e99a3f454e85eff556a0b996f) Importer(815301076,1909f56bfc062723c751e8b465ee728b)  -> (artifact id: 'b491bf331d6ee6e13cbdbcffeba809af') in 0.027970 seconds 
========================================================================
Received Import Request.
  Time since last request: 1.949941 seconds.
  path: Assets/RPG_FPS_game_assets_industrial/Roads/Road_sets/Road_set_v1/Source
  artifactKey: Guid(383dd7be41de5d24c922f6b15e544f89) Importer(815301076,1909f56bfc062723c751e8b465ee728b)
Start importing Assets/RPG_FPS_game_assets_industrial/Roads/Road_sets/Road_set_v1/Source using Guid(383dd7be41de5d24c922f6b15e544f89) Importer(815301076,1909f56bfc062723c751e8b465ee728b)  -> (artifact id: '5e74e139db3f2123de0c80438db153a1') in 0.005842 seconds 
========================================================================
Received Import Request.
  Time since last request: 0.061716 seconds.
  path: Assets/RPG_FPS_game_assets_industrial/Roads/Road_sets/Road_set_v1/Source/Road_set_v1.FBX
  artifactKey: Guid(c7f7a9ec09a97d144963b6dd16448dc3) Importer(815301076,1909f56bfc062723c751e8b465ee728b)
Start importing Assets/RPG_FPS_game_assets_industrial/Roads/Road_sets/Road_set_v1/Source/Road_set_v1.FBX using Guid(c7f7a9ec09a97d144963b6dd16448dc3) Importer(815301076,1909f56bfc062723c751e8b465ee728b)  -> (artifact id: '2382043276cff1664ebe4ab252aed0af') in 0.279255 seconds 
========================================================================
Received Import Request.
  Time since last request: 5.886754 seconds.
  path: Assets/RPG_FPS_game_assets_industrial/Particles
  artifactKey: Guid(d46f01f719fb0b54f91e70d762f60629) Importer(815301076,1909f56bfc062723c751e8b465ee728b)
Start importing Assets/RPG_FPS_game_assets_industrial/Particles using Guid(d46f01f719fb0b54f91e70d762f60629) Importer(815301076,1909f56bfc062723c751e8b465ee728b)  -> (artifact id: 'd8c33e4f9190e0f0fa061ba65bc7c7a7') in 0.006188 seconds 
========================================================================
Received Import Request.
  Time since last request: 3.763856 seconds.
  path: Assets/RPG_FPS_game_assets_industrial/Buildings
  artifactKey: Guid(a72a9631e12630c48853eb7cdbf86ad8) Importer(815301076,1909f56bfc062723c751e8b465ee728b)
Start importing Assets/RPG_FPS_game_assets_industrial/Buildings using Guid(a72a9631e12630c48853eb7cdbf86ad8) Importer(815301076,1909f56bfc062723c751e8b465ee728b)  -> (artifact id: '5644f23bbd0e192064e0909a0c7cec17') in 0.010691 seconds 
========================================================================
Received Import Request.
  Time since last request: 0.833927 seconds.
  path: Assets/RPG_FPS_game_assets_industrial/Buildings/Industrial
  artifactKey: Guid(10349e73b5ac8e24e8806240d4629f63) Importer(815301076,1909f56bfc062723c751e8b465ee728b)
Start importing Assets/RPG_FPS_game_assets_industrial/Buildings/Industrial using Guid(10349e73b5ac8e24e8806240d4629f63) Importer(815301076,1909f56bfc062723c751e8b465ee728b)  -> (artifact id: 'e32d814504234587c6c0fd1a318d84f8') in 0.006957 seconds 
========================================================================
Received Import Request.
  Time since last request: 0.612579 seconds.
  path: Assets/RPG_FPS_game_assets_industrial/Buildings/Industrial/Hangars
  artifactKey: Guid(4c982f4402ca9a4408e37318a25a79ec) Importer(815301076,1909f56bfc062723c751e8b465ee728b)
Start importing Assets/RPG_FPS_game_assets_industrial/Buildings/Industrial/Hangars using Guid(4c982f4402ca9a4408e37318a25a79ec) Importer(815301076,1909f56bfc062723c751e8b465ee728b)  -> (artifact id: 'a388ab370bf7e9b3d676a37d20106e56') in 0.006191 seconds 
========================================================================
Received Import Request.
  Time since last request: 0.711086 seconds.
  path: Assets/RPG_FPS_game_assets_industrial/Buildings/Industrial/Hangars/Hangar_v1
  artifactKey: Guid(4c8023777983aac40b22a680df794308) Importer(815301076,1909f56bfc062723c751e8b465ee728b)
Start importing Assets/RPG_FPS_game_assets_industrial/Buildings/Industrial/Hangars/Hangar_v1 using Guid(4c8023777983aac40b22a680df794308) Importer(815301076,1909f56bfc062723c751e8b465ee728b)  -> (artifact id: '35bd61fd4dfca63f963bbb97ce58cb95') in 0.006451 seconds 
========================================================================
Received Import Request.
  Time since last request: 39.245569 seconds.
  path: Assets/ModularFirstPersonController
  artifactKey: Guid(4194addcd52a4ba4bb3a9d4bf8e911fd) Importer(815301076,1909f56bfc062723c751e8b465ee728b)
Start importing Assets/ModularFirstPersonController using Guid(4194addcd52a4ba4bb3a9d4bf8e911fd) Importer(815301076,1909f56bfc062723c751e8b465ee728b)  -> (artifact id: '85649adb73539792203f2095c0629560') in 0.007097 seconds 
========================================================================
Received Import Request.
  Time since last request: 0.421770 seconds.
  path: Assets/Industrial building
  artifactKey: Guid(d193f7c7655fc184ab5dcdc7f4a644da) Importer(815301076,1909f56bfc062723c751e8b465ee728b)
Start importing Assets/Industrial building using Guid(d193f7c7655fc184ab5dcdc7f4a644da) Importer(815301076,1909f56bfc062723c751e8b465ee728b)  -> (artifact id: 'ad566931918eb53e394668dbde5e5191') in 0.006666 seconds 
========================================================================
Received Import Request.
  Time since last request: 0.966043 seconds.
  path: Assets/Industrial building/Garage
  artifactKey: Guid(66be93734150c134291a1cdcd5007eb6) Importer(815301076,1909f56bfc062723c751e8b465ee728b)
Start importing Assets/Industrial building/Garage using Guid(66be93734150c134291a1cdcd5007eb6) Importer(815301076,1909f56bfc062723c751e8b465ee728b)  -> (artifact id: '8a2a0cc219d9b359e85e7dd565bea40c') in 0.006330 seconds 
========================================================================
Received Import Request.
  Time since last request: 1.261303 seconds.
  path: Assets/Industrial building/Garage/Materials
  artifactKey: Guid(fc3663928213ec24bbec504f9b604882) Importer(815301076,1909f56bfc062723c751e8b465ee728b)
Start importing Assets/Industrial building/Garage/Materials using Guid(fc3663928213ec24bbec504f9b604882) Importer(815301076,1909f56bfc062723c751e8b465ee728b)  -> (artifact id: '3730169de626af531f4f2aa7cc72069f') in 0.006513 seconds 
========================================================================
Received Import Request.
  Time since last request: 0.060727 seconds.
  path: Assets/Industrial building/Garage/Materials/garage.mat
  artifactKey: Guid(ee132db02601790449a929986bdb4be7) Importer(815301076,1909f56bfc062723c751e8b465ee728b)
Start importing Assets/Industrial building/Garage/Materials/garage.mat using Guid(ee132db02601790449a929986bdb4be7) Importer(815301076,1909f56bfc062723c751e8b465ee728b)  -> (artifact id: '4f4b23651c3086f790f9a2ad678ff17f') in 0.271779 seconds 
========================================================================
Received Import Request.
  Time since last request: 31.679259 seconds.
  path: Assets/ModularFirstPersonController/FirstPersonController
  artifactKey: Guid(f37b4faf82d1edb47811f804ec33f9da) Importer(815301076,1909f56bfc062723c751e8b465ee728b)
Start importing Assets/ModularFirstPersonController/FirstPersonController using Guid(f37b4faf82d1edb47811f804ec33f9da) Importer(815301076,1909f56bfc062723c751e8b465ee728b)  -> (artifact id: 'd0eaed3d49f26050221c845d25fb1a31') in 0.007230 seconds 
========================================================================
Received Import Request.
  Time since last request: 1.266163 seconds.
  path: Assets/ModularFirstPersonController/FirstPersonController/CircleReticle.png
  artifactKey: Guid(be4ce60e2c9768c44b9b10b9c5258045) Importer(815301076,1909f56bfc062723c751e8b465ee728b)
Start importing Assets/ModularFirstPersonController/FirstPersonController/CircleReticle.png using Guid(be4ce60e2c9768c44b9b10b9c5258045) Importer(815301076,1909f56bfc062723c751e8b465ee728b)  -> (artifact id: '69332073f635c6ac394bad717adcaba0') in 0.041572 seconds 
========================================================================
Received Import Request.
  Time since last request: 1.938873 seconds.
  path: Assets/ModularFirstPersonController/DemoScene
  artifactKey: Guid(7d2c7648db4398a488c3e3a2d79fab5f) Importer(815301076,1909f56bfc062723c751e8b465ee728b)
Start importing Assets/ModularFirstPersonController/DemoScene using Guid(7d2c7648db4398a488c3e3a2d79fab5f) Importer(815301076,1909f56bfc062723c751e8b465ee728b)  -> (artifact id: 'af97d920cf1d43c5692e3abdfa7cef06') in 0.005792 seconds 
========================================================================
Received Import Request.
  Time since last request: 89.207270 seconds.
  path: Assets/russian_buildings/meshes/buildings_col
  artifactKey: Guid(fd7f7b1d4c709b74cbc599ecf28cbac5) Importer(815301076,1909f56bfc062723c751e8b465ee728b)
Start importing Assets/russian_buildings/meshes/buildings_col using Guid(fd7f7b1d4c709b74cbc599ecf28cbac5) Importer(815301076,1909f56bfc062723c751e8b465ee728b)  -> (artifact id: 'a660bbfc01f95905aa54168484793de7') in 0.007502 seconds 
========================================================================
Received Import Request.
  Time since last request: 0.271338 seconds.
  path: Assets/russian_buildings/meshes/buildings_col/rus_build_2et_roof_col.obj
  artifactKey: Guid(b6239b2aa98add74298b494b5e04d79f) Importer(815301076,1909f56bfc062723c751e8b465ee728b)
Start importing Assets/russian_buildings/meshes/buildings_col/rus_build_2et_roof_col.obj using Guid(b6239b2aa98add74298b494b5e04d79f) Importer(815301076,1909f56bfc062723c751e8b465ee728b)  -> (artifact id: '7cd23a776383f2716424516afd5adef5') in 0.023579 seconds 
========================================================================
Received Import Request.
  Time since last request: 0.000016 seconds.
  path: Assets/russian_buildings/meshes/buildings_col/rus_build_5et_roof_col.obj
  artifactKey: Guid(f2f0e91a3227f8f429f3f97f054d00c3) Importer(815301076,1909f56bfc062723c751e8b465ee728b)
Start importing Assets/russian_buildings/meshes/buildings_col/rus_build_5et_roof_col.obj using Guid(f2f0e91a3227f8f429f3f97f054d00c3) Importer(815301076,1909f56bfc062723c751e8b465ee728b)  -> (artifact id: '488be57952feca1e6929c1d877e41762') in 0.028195 seconds 
========================================================================
Received Import Request.
  Time since last request: 0.000042 seconds.
  path: Assets/russian_buildings/meshes/buildings_col/rus_build_5et_roof_col_01.obj
  artifactKey: Guid(2db71832e28ae7d448154b0b3412d5bf) Importer(815301076,1909f56bfc062723c751e8b465ee728b)
Start importing Assets/russian_buildings/meshes/buildings_col/rus_build_5et_roof_col_01.obj using Guid(2db71832e28ae7d448154b0b3412d5bf) Importer(815301076,1909f56bfc062723c751e8b465ee728b)  -> (artifact id: '891947ba9a42ffff84524e82049dd2f2') in 0.040821 seconds 
========================================================================
Received Import Request.
  Time since last request: 0.000029 seconds.
  path: Assets/russian_buildings/meshes/buildings_col/rus_build_5et_roof_col_02.obj
  artifactKey: Guid(956b56498616a9548ba1cb8c2f30ff56) Importer(815301076,1909f56bfc062723c751e8b465ee728b)
Start importing Assets/russian_buildings/meshes/buildings_col/rus_build_5et_roof_col_02.obj using Guid(956b56498616a9548ba1cb8c2f30ff56) Importer(815301076,1909f56bfc062723c751e8b465ee728b)  -> (artifact id: '94a51ba2d29629aba2f879c1451fbacc') in 0.042701 seconds 
========================================================================
Received Import Request.
  Time since last request: 4.536666 seconds.
  path: Assets/russian_buildings/meshes/buildings_low/rus_build_9et_02a_LOD2.obj
  artifactKey: Guid(e0947e31927c5694b99a506ef71eab31) Importer(815301076,1909f56bfc062723c751e8b465ee728b)
Start importing Assets/russian_buildings/meshes/buildings_low/rus_build_9et_02a_LOD2.obj using Guid(e0947e31927c5694b99a506ef71eab31) Importer(815301076,1909f56bfc062723c751e8b465ee728b)  -> (artifact id: '21e949273038350208667293de9d34ec') in 0.024240 seconds 
========================================================================
Received Import Request.
  Time since last request: 0.000024 seconds.
  path: Assets/russian_buildings/meshes/buildings_low/rus_build_9et_03b_LOD1.obj
  artifactKey: Guid(24df0ddfce8087a43b3ab9ca0cf5717e) Importer(815301076,1909f56bfc062723c751e8b465ee728b)
Start importing Assets/russian_buildings/meshes/buildings_low/rus_build_9et_03b_LOD1.obj using Guid(24df0ddfce8087a43b3ab9ca0cf5717e) Importer(815301076,1909f56bfc062723c751e8b465ee728b)  -> (artifact id: 'd98c1c8f3f84243f79890b5b3b9d95a2') in 0.039719 seconds 
========================================================================
Received Import Request.
  Time since last request: 0.000020 seconds.
  path: Assets/russian_buildings/meshes/buildings_low/rus_build_9et_03_LOD2.obj
  artifactKey: Guid(389738a94f15fe849917f66a0748352d) Importer(815301076,1909f56bfc062723c751e8b465ee728b)
Start importing Assets/russian_buildings/meshes/buildings_low/rus_build_9et_03_LOD2.obj using Guid(389738a94f15fe849917f66a0748352d) Importer(815301076,1909f56bfc062723c751e8b465ee728b)  -> (artifact id: '6950282a8346100e4c0e87c103c9047b') in 0.043029 seconds 
========================================================================
Received Import Request.
  Time since last request: 0.000026 seconds.
  path: Assets/russian_buildings/meshes/buildings_low/rus_build_9et_03a_LOD1.obj
  artifactKey: Guid(7014b73a36c003d4e9be681a53b42469) Importer(815301076,1909f56bfc062723c751e8b465ee728b)
Start importing Assets/russian_buildings/meshes/buildings_low/rus_build_9et_03a_LOD1.obj using Guid(7014b73a36c003d4e9be681a53b42469) Importer(815301076,1909f56bfc062723c751e8b465ee728b)  -> (artifact id: 'ac81a9af1730a0d98832354aaefe3d88') in 0.031698 seconds 
========================================================================
Received Import Request.
  Time since last request: 0.000114 seconds.
  path: Assets/russian_buildings/meshes/buildings_low/rus_build_9et_02b_LOD2.obj
  artifactKey: Guid(f9e49ac4881dec14d8d0b85e809a0477) Importer(815301076,1909f56bfc062723c751e8b465ee728b)
Start importing Assets/russian_buildings/meshes/buildings_low/rus_build_9et_02b_LOD2.obj using Guid(f9e49ac4881dec14d8d0b85e809a0477) Importer(815301076,1909f56bfc062723c751e8b465ee728b)  -> (artifact id: 'bd65cb7ec5c9a1a5b4c9038a90cc8a9e') in 0.036981 seconds 
========================================================================
Received Import Request.
  Time since last request: 76.779982 seconds.
  path: Assets/RPG_FPS_game_assets_industrial/Textures/Asphalt/Seamless_asphalt_v1/Seamless_asphalt_v1.tga
  artifactKey: Guid(b0fe82528f70e8947aa0d123fa3194fe) Importer(815301076,1909f56bfc062723c751e8b465ee728b)
Start importing Assets/RPG_FPS_game_assets_industrial/Textures/Asphalt/Seamless_asphalt_v1/Seamless_asphalt_v1.tga using Guid(b0fe82528f70e8947aa0d123fa3194fe) Importer(815301076,1909f56bfc062723c751e8b465ee728b)  -> (artifact id: 'c2b3ab00f4a522894e0a40af76cf8923') in 0.019915 seconds 
========================================================================
Received Import Request.
  Time since last request: 11.336511 seconds.
  path: Assets/RPG_FPS_game_assets_industrial/Textures/Asphalt
  artifactKey: Guid(987a80acaed3e534895f9aec867853e7) Importer(815301076,1909f56bfc062723c751e8b465ee728b)
Start importing Assets/RPG_FPS_game_assets_industrial/Textures/Asphalt using Guid(987a80acaed3e534895f9aec867853e7) Importer(815301076,1909f56bfc062723c751e8b465ee728b)  -> (artifact id: 'bea2403537a62a3189e0d9c30b58e91e') in 0.005849 seconds 
========================================================================
Received Import Request.
  Time since last request: 1.191042 seconds.
  path: Assets/RPG_FPS_game_assets_industrial/Textures/Asphalt/Road_with_pavements_v1
  artifactKey: Guid(70c8dfaff21f97946800e1c31bcc90ca) Importer(815301076,1909f56bfc062723c751e8b465ee728b)
Start importing Assets/RPG_FPS_game_assets_industrial/Textures/Asphalt/Road_with_pavements_v1 using Guid(70c8dfaff21f97946800e1c31bcc90ca) Importer(815301076,1909f56bfc062723c751e8b465ee728b)  -> (artifact id: 'b5bf4369f5d13292a4fdcdad830498a4') in 0.006054 seconds 
========================================================================
Received Import Request.
  Time since last request: 0.061078 seconds.
  path: Assets/RPG_FPS_game_assets_industrial/Textures/Asphalt/Road_with_pavements_v1/Road_with_pavements_v1.mat
  artifactKey: Guid(8d5d2d46a0146fa4c86ae0c056e3282d) Importer(815301076,1909f56bfc062723c751e8b465ee728b)
Start importing Assets/RPG_FPS_game_assets_industrial/Textures/Asphalt/Road_with_pavements_v1/Road_with_pavements_v1.mat using Guid(8d5d2d46a0146fa4c86ae0c056e3282d) Importer(815301076,1909f56bfc062723c751e8b465ee728b)  -> (artifact id: '20c63a2adf6eb0990aa1f482d0a2c7c8') in 0.026652 seconds 
========================================================================
Received Import Request.
  Time since last request: 287.108189 seconds.
  path: Assets/RPG_FPS_game_assets_industrial/Fences
  artifactKey: Guid(7023b9abea554d24f8838b3e467e6a3c) Importer(815301076,1909f56bfc062723c751e8b465ee728b)
Start importing Assets/RPG_FPS_game_assets_industrial/Fences using Guid(7023b9abea554d24f8838b3e467e6a3c) Importer(815301076,1909f56bfc062723c751e8b465ee728b)  -> (artifact id: '842847e5a4b2321abd6f6d8dd39fcc8b') in 0.008542 seconds 
========================================================================
Received Import Request.
  Time since last request: 470.168797 seconds.
  path: Assets/ModularFirstPersonController/FirstPersonController/FirstPersonController.cs
  artifactKey: Guid(d90ba6530d9bfda47abb4610956b2f44) Importer(815301076,1909f56bfc062723c751e8b465ee728b)
Start importing Assets/ModularFirstPersonController/FirstPersonController/FirstPersonController.cs using Guid(d90ba6530d9bfda47abb4610956b2f44) Importer(815301076,1909f56bfc062723c751e8b465ee728b)  -> (artifact id: '26330e603a9922ed990795cc1704306b') in 0.026183 seconds 
========================================================================
Received Import Request.
  Time since last request: 183.075942 seconds.
  path: Assets/russian_buildings/textures
  artifactKey: Guid(efc8a5f50bfd2b3478f7e75c0fbe2625) Importer(815301076,1909f56bfc062723c751e8b465ee728b)
Start importing Assets/russian_buildings/textures using Guid(efc8a5f50bfd2b3478f7e75c0fbe2625) Importer(815301076,1909f56bfc062723c751e8b465ee728b)  -> (artifact id: '2d44393a341f2743bb8d5f00b11f1974') in 0.009499 seconds 
========================================================================
Received Import Request.
  Time since last request: 0.052213 seconds.
  path: Assets/russian_buildings/textures/rus_build_LOD_01.png
  artifactKey: Guid(027ee668c37651046b8fcc1de158d11b) Importer(815301076,1909f56bfc062723c751e8b465ee728b)
Start importing Assets/russian_buildings/textures/rus_build_LOD_01.png using Guid(027ee668c37651046b8fcc1de158d11b) Importer(815301076,1909f56bfc062723c751e8b465ee728b)  -> (artifact id: 'c6bd64dd3dea934b01b6c9546a85c95f') in 0.024126 seconds 
========================================================================
Received Import Request.
  Time since last request: 0.000028 seconds.
  path: Assets/russian_buildings/textures/rus_build_LOD_02_s.png
  artifactKey: Guid(58698fed29c723f4b89f3ab997c2bc74) Importer(815301076,1909f56bfc062723c751e8b465ee728b)
Start importing Assets/russian_buildings/textures/rus_build_LOD_02_s.png using Guid(58698fed29c723f4b89f3ab997c2bc74) Importer(815301076,1909f56bfc062723c751e8b465ee728b)  -> (artifact id: '43583e63c6ed030fdbeee417109255da') in 0.021454 seconds 
========================================================================
Received Import Request.
  Time since last request: 0.000030 seconds.
  path: Assets/russian_buildings/textures/rus_build_LOD_02.png
  artifactKey: Guid(62da88ce44d49764b91100a52cc54548) Importer(815301076,1909f56bfc062723c751e8b465ee728b)
Start importing Assets/russian_buildings/textures/rus_build_LOD_02.png using Guid(62da88ce44d49764b91100a52cc54548) Importer(815301076,1909f56bfc062723c751e8b465ee728b)  -> (artifact id: 'ef449444a05863352c682b9a4c04b96a') in 0.025089 seconds 
========================================================================
Received Import Request.
  Time since last request: 140.579151 seconds.
  path: Assets/Industrial building/Garage/Prefabs
  artifactKey: Guid(4b388c5dce82a9c489027fc560849b91) Importer(815301076,1909f56bfc062723c751e8b465ee728b)
Start importing Assets/Industrial building/Garage/Prefabs using Guid(4b388c5dce82a9c489027fc560849b91) Importer(815301076,1909f56bfc062723c751e8b465ee728b)  -> (artifact id: '0f08ec48a6f409a4002154b2088cec81') in 0.008360 seconds 
========================================================================
Received Import Request.
  Time since last request: 1.013350 seconds.
  path: Assets/Industrial building/Garage/Prefabs/fence.fbx
  artifactKey: Guid(f7526adfec194cf4a8dc3bb561060031) Importer(815301076,1909f56bfc062723c751e8b465ee728b)
Start importing Assets/Industrial building/Garage/Prefabs/fence.fbx using Guid(f7526adfec194cf4a8dc3bb561060031) Importer(815301076,1909f56bfc062723c751e8b465ee728b)  -> (artifact id: '9af3c7e7fcdfa6308f3ab1db08dae2ad') in 0.040414 seconds 
========================================================================
Received Import Request.
  Time since last request: 0.000027 seconds.
  path: Assets/Industrial building/Garage/Prefabs/roof02.fbx
  artifactKey: Guid(7fcd33721ac823a4b825a80785afe0fb) Importer(815301076,1909f56bfc062723c751e8b465ee728b)
Start importing Assets/Industrial building/Garage/Prefabs/roof02.fbx using Guid(7fcd33721ac823a4b825a80785afe0fb) Importer(815301076,1909f56bfc062723c751e8b465ee728b)  -> (artifact id: '38a5ffd41cd329853c9e2779657a8e9f') in 0.043283 seconds 
========================================================================
Received Import Request.
  Time since last request: 0.000023 seconds.
  path: Assets/Industrial building/Garage/Prefabs/fence_roof.fbx
  artifactKey: Guid(eb66fd6af52fc7142a652a1f79d15df4) Importer(815301076,1909f56bfc062723c751e8b465ee728b)
Start importing Assets/Industrial building/Garage/Prefabs/fence_roof.fbx using Guid(eb66fd6af52fc7142a652a1f79d15df4) Importer(815301076,1909f56bfc062723c751e8b465ee728b)  -> (artifact id: 'd64edb49c5b6030819c138fbbbb46a31') in 0.031412 seconds 
========================================================================
Received Import Request.
  Time since last request: 0.000036 seconds.
  path: Assets/Industrial building/Garage/Prefabs/wall_bar1.fbx
  artifactKey: Guid(b5be9047e80cbf24cb4d509e4c4af187) Importer(815301076,1909f56bfc062723c751e8b465ee728b)
Start importing Assets/Industrial building/Garage/Prefabs/wall_bar1.fbx using Guid(b5be9047e80cbf24cb4d509e4c4af187) Importer(815301076,1909f56bfc062723c751e8b465ee728b)  -> (artifact id: '69309f02dc022159eb1e3ea14c4f6418') in 0.039568 seconds 
========================================================================
Received Import Request.
  Time since last request: 0.000042 seconds.
  path: Assets/Industrial building/Garage/Prefabs/wall_side01.fbx
  artifactKey: Guid(3c9f083950a445f428ef421a2e3a5d73) Importer(815301076,1909f56bfc062723c751e8b465ee728b)
Start importing Assets/Industrial building/Garage/Prefabs/wall_side01.fbx using Guid(3c9f083950a445f428ef421a2e3a5d73) Importer(815301076,1909f56bfc062723c751e8b465ee728b)  -> (artifact id: '95ed16c8a6ab3626aa862b50cdf6a0c0') in 0.040672 seconds 
========================================================================
Received Import Request.
  Time since last request: 0.000019 seconds.
  path: Assets/Industrial building/Garage/Prefabs/pillar_fence.fbx
  artifactKey: Guid(b6cc847cfcb845445bd54af44612e73e) Importer(815301076,1909f56bfc062723c751e8b465ee728b)
Start importing Assets/Industrial building/Garage/Prefabs/pillar_fence.fbx using Guid(b6cc847cfcb845445bd54af44612e73e) Importer(815301076,1909f56bfc062723c751e8b465ee728b)  -> (artifact id: 'bcc0aad21eb5ce94fa54875dda17b8fa') in 0.036706 seconds 
========================================================================
Received Import Request.
  Time since last request: 0.000028 seconds.
  path: Assets/Industrial building/Garage/Prefabs/wall_roof.fbx
  artifactKey: Guid(3a5edc98af96c0f4095a9a342c3f198b) Importer(815301076,1909f56bfc062723c751e8b465ee728b)
Start importing Assets/Industrial building/Garage/Prefabs/wall_roof.fbx using Guid(3a5edc98af96c0f4095a9a342c3f198b) Importer(815301076,1909f56bfc062723c751e8b465ee728b)  -> (artifact id: '2085558eb83780d3a97782c916bfa6b8') in 0.033781 seconds 
========================================================================
Received Import Request.
  Time since last request: 0.000017 seconds.
  path: Assets/Industrial building/Garage/Prefabs/wall_side02.fbx
  artifactKey: Guid(4d00b7104b5e40d49a23a5e355819676) Importer(815301076,1909f56bfc062723c751e8b465ee728b)
Start importing Assets/Industrial building/Garage/Prefabs/wall_side02.fbx using Guid(4d00b7104b5e40d49a23a5e355819676) Importer(815301076,1909f56bfc062723c751e8b465ee728b)  -> (artifact id: 'b3945c473323739bc3322dd987e803fa') in 0.035536 seconds 
========================================================================
Received Import Request.
  Time since last request: 0.000047 seconds.
  path: Assets/Industrial building/Garage/Prefabs/wall_brick.fbx
  artifactKey: Guid(c842ffb53ab45a84c96a9776b9f5be64) Importer(815301076,1909f56bfc062723c751e8b465ee728b)
Start importing Assets/Industrial building/Garage/Prefabs/wall_brick.fbx using Guid(c842ffb53ab45a84c96a9776b9f5be64) Importer(815301076,1909f56bfc062723c751e8b465ee728b)  -> (artifact id: '0c51333f3091c54b387483d5752a7693') in 0.039836 seconds 
========================================================================
Received Import Request.
  Time since last request: 0.000030 seconds.
  path: Assets/Industrial building/Garage/Prefabs/fund_wall.fbx
  artifactKey: Guid(a0a072798cb6d684c874f1edd334c9bf) Importer(815301076,1909f56bfc062723c751e8b465ee728b)
Start importing Assets/Industrial building/Garage/Prefabs/fund_wall.fbx using Guid(a0a072798cb6d684c874f1edd334c9bf) Importer(815301076,1909f56bfc062723c751e8b465ee728b)  -> (artifact id: 'ee57fe64637aa7105ffe3228c7981471') in 0.039969 seconds 
========================================================================
Received Import Request.
  Time since last request: 0.000107 seconds.
  path: Assets/Industrial building/Garage/Prefabs/pillar_cap.fbx
  artifactKey: Guid(ea5f73af21fb788429a2f321a4d84a3f) Importer(815301076,1909f56bfc062723c751e8b465ee728b)
Start importing Assets/Industrial building/Garage/Prefabs/pillar_cap.fbx using Guid(ea5f73af21fb788429a2f321a4d84a3f) Importer(815301076,1909f56bfc062723c751e8b465ee728b)  -> (artifact id: '7649e12b9fe3cdaabfa89bfb3b52f4f1') in 0.037509 seconds 
========================================================================
Received Import Request.
  Time since last request: 0.000018 seconds.
  path: Assets/Industrial building/Garage/Prefabs/wall_bar2.fbx
  artifactKey: Guid(dd763525ce9410c47b89bf7fef09901f) Importer(815301076,1909f56bfc062723c751e8b465ee728b)
Start importing Assets/Industrial building/Garage/Prefabs/wall_bar2.fbx using Guid(dd763525ce9410c47b89bf7fef09901f) Importer(815301076,1909f56bfc062723c751e8b465ee728b)  -> (artifact id: 'c7b49da86bfa6e35540b5865cc460785') in 0.034954 seconds 
========================================================================
Received Import Request.
  Time since last request: 0.000025 seconds.
  path: Assets/Industrial building/Garage/Prefabs/roof01.fbx
  artifactKey: Guid(a96732a1652db1d47bb354015596dae6) Importer(815301076,1909f56bfc062723c751e8b465ee728b)
Start importing Assets/Industrial building/Garage/Prefabs/roof01.fbx using Guid(a96732a1652db1d47bb354015596dae6) Importer(815301076,1909f56bfc062723c751e8b465ee728b)  -> (artifact id: '9ff1cf9ff75382802fb50f6fb5929744') in 0.036431 seconds 
========================================================================
Received Import Request.
  Time since last request: 0.000050 seconds.
  path: Assets/Industrial building/Garage/Prefabs/wall_garage_gate.fbx
  artifactKey: Guid(549c652b92c17f844836e83a9accd4d2) Importer(815301076,1909f56bfc062723c751e8b465ee728b)
Start importing Assets/Industrial building/Garage/Prefabs/wall_garage_gate.fbx using Guid(549c652b92c17f844836e83a9accd4d2) Importer(815301076,1909f56bfc062723c751e8b465ee728b)  -> (artifact id: 'cad4fd3bcd4edba21171ab1e8469746d') in 0.043277 seconds 
========================================================================
Received Import Request.
  Time since last request: 5.085831 seconds.
  path: Assets/Industrial building/Garage/Models
  artifactKey: Guid(427c0dd25e0024144afe4e92acff8f3c) Importer(815301076,1909f56bfc062723c751e8b465ee728b)
Start importing Assets/Industrial building/Garage/Models using Guid(427c0dd25e0024144afe4e92acff8f3c) Importer(815301076,1909f56bfc062723c751e8b465ee728b)  -> (artifact id: 'eeafde88ecce0b9bf4ea10d85f52ef34') in 0.006719 seconds 
========================================================================
Received Import Request.
  Time since last request: 0.073638 seconds.
  path: Assets/Industrial building/Garage/Models/fence_len.fbx
  artifactKey: Guid(e253e5caf701fd84d84f850bc071621a) Importer(815301076,1909f56bfc062723c751e8b465ee728b)
Start importing Assets/Industrial building/Garage/Models/fence_len.fbx using Guid(e253e5caf701fd84d84f850bc071621a) Importer(815301076,1909f56bfc062723c751e8b465ee728b)  -> (artifact id: '4eed1e8d1b7f4cd4187e3321ce557699') in 0.026834 seconds 
========================================================================
Received Import Request.
  Time since last request: 36.217345 seconds.
  path: Assets/russian_buildings/prefabs
  artifactKey: Guid(01bc710caa16f6a479f2d85549110a40) Importer(815301076,1909f56bfc062723c751e8b465ee728b)
Start importing Assets/russian_buildings/prefabs using Guid(01bc710caa16f6a479f2d85549110a40) Importer(815301076,1909f56bfc062723c751e8b465ee728b)  -> (artifact id: '5bb1ca36113dbd7966e7972e7d39bf0f') in 0.006926 seconds 
========================================================================
Received Import Request.
  Time since last request: 1.017334 seconds.
  path: Assets/russian_buildings/prefabs/buildings_low
  artifactKey: Guid(62d26e47d710ae44980c6c79e1254329) Importer(815301076,1909f56bfc062723c751e8b465ee728b)
Start importing Assets/russian_buildings/prefabs/buildings_low using Guid(62d26e47d710ae44980c6c79e1254329) Importer(815301076,1909f56bfc062723c751e8b465ee728b)  -> (artifact id: '2b59abb054efc74bbc3b1edc26af40f9') in 0.005914 seconds 
========================================================================
Received Import Request.
  Time since last request: 0.068143 seconds.
  path: Assets/russian_buildings/prefabs/buildings_low/rus_build_2et_01_low.prefab
  artifactKey: Guid(f2ac51e00e24ec74295d01a4e5752ef0) Importer(815301076,1909f56bfc062723c751e8b465ee728b)
Start importing Assets/russian_buildings/prefabs/buildings_low/rus_build_2et_01_low.prefab using Guid(f2ac51e00e24ec74295d01a4e5752ef0) Importer(815301076,1909f56bfc062723c751e8b465ee728b)  -> (artifact id: 'e33dd52ceb7f1e5e44f31dc20fd0eb0c') in 0.021531 seconds 
========================================================================
Received Import Request.
  Time since last request: 0.000023 seconds.
  path: Assets/russian_buildings/prefabs/buildings_low/rus_build_5et_03f_low.prefab
  artifactKey: Guid(d7291213fc9300244a03884334aa9e9e) Importer(815301076,1909f56bfc062723c751e8b465ee728b)
Start importing Assets/russian_buildings/prefabs/buildings_low/rus_build_5et_03f_low.prefab using Guid(d7291213fc9300244a03884334aa9e9e) Importer(815301076,1909f56bfc062723c751e8b465ee728b)  -> (artifact id: 'a5758b7e5fb51ff38e153addf08467f3') in 0.027642 seconds 
========================================================================
Received Import Request.
  Time since last request: 0.000034 seconds.
  path: Assets/russian_buildings/prefabs/buildings_low/rus_build_4et_01a_low.prefab
  artifactKey: Guid(3954b4db11e9be84f9f73d87dead528f) Importer(815301076,1909f56bfc062723c751e8b465ee728b)
Start importing Assets/russian_buildings/prefabs/buildings_low/rus_build_4et_01a_low.prefab using Guid(3954b4db11e9be84f9f73d87dead528f) Importer(815301076,1909f56bfc062723c751e8b465ee728b)  -> (artifact id: 'bb2ddb1612b6f186ce55abb4ecdf2015') in 0.025791 seconds 
========================================================================
Received Import Request.
  Time since last request: 0.000019 seconds.
  path: Assets/russian_buildings/prefabs/buildings_low/rus_build_9et_02b_low.prefab
  artifactKey: Guid(a23dbbdd521b5e341844b245d7bfc874) Importer(815301076,1909f56bfc062723c751e8b465ee728b)
Start importing Assets/russian_buildings/prefabs/buildings_low/rus_build_9et_02b_low.prefab using Guid(a23dbbdd521b5e341844b245d7bfc874) Importer(815301076,1909f56bfc062723c751e8b465ee728b)  -> (artifact id: '8941f4520fd1f139b5de4c90bae9d110') in 0.027071 seconds 
========================================================================
Received Import Request.
  Time since last request: 0.000014 seconds.
  path: Assets/russian_buildings/prefabs/buildings_low/rus_build_2et_01b_low.prefab
  artifactKey: Guid(3498c2828d18a8b4090fe9dc8891c840) Importer(815301076,1909f56bfc062723c751e8b465ee728b)
Start importing Assets/russian_buildings/prefabs/buildings_low/rus_build_2et_01b_low.prefab using Guid(3498c2828d18a8b4090fe9dc8891c840) Importer(815301076,1909f56bfc062723c751e8b465ee728b)  -> (artifact id: '927ec5530ac4ca61598ec63beb378108') in 0.022686 seconds 
========================================================================
Received Import Request.
  Time since last request: 0.000062 seconds.
  path: Assets/russian_buildings/prefabs/buildings_low/rus_build_9et_03_low.prefab
  artifactKey: Guid(10b693990d3466444be14f6cf80a8aba) Importer(815301076,1909f56bfc062723c751e8b465ee728b)
Start importing Assets/russian_buildings/prefabs/buildings_low/rus_build_9et_03_low.prefab using Guid(10b693990d3466444be14f6cf80a8aba) Importer(815301076,1909f56bfc062723c751e8b465ee728b)  -> (artifact id: '212d1145a00951e4c28be0b7610e184c') in 0.024074 seconds 
========================================================================
Received Import Request.
  Time since last request: 0.000076 seconds.
  path: Assets/russian_buildings/prefabs/buildings_low/rus_build_9et_01_low.prefab
  artifactKey: Guid(af7280f6efb690f499d445b8bd8fe6f6) Importer(815301076,1909f56bfc062723c751e8b465ee728b)
Start importing Assets/russian_buildings/prefabs/buildings_low/rus_build_9et_01_low.prefab using Guid(af7280f6efb690f499d445b8bd8fe6f6) Importer(815301076,1909f56bfc062723c751e8b465ee728b)  -> (artifact id: '89c6ec2ed4100d40e5cec67849168fc0') in 0.024492 seconds 
========================================================================
Received Import Request.
  Time since last request: 0.000062 seconds.
  path: Assets/russian_buildings/prefabs/buildings_low/rus_build_5et_04_low.prefab
  artifactKey: Guid(ba9a28fd3bfa90a4eb50a1dcc18dd5bc) Importer(815301076,1909f56bfc062723c751e8b465ee728b)
Start importing Assets/russian_buildings/prefabs/buildings_low/rus_build_5et_04_low.prefab using Guid(ba9a28fd3bfa90a4eb50a1dcc18dd5bc) Importer(815301076,1909f56bfc062723c751e8b465ee728b)  -> (artifact id: '84eef5f2b6c22dcb3bcd711487c237a8') in 0.025323 seconds 
========================================================================
Received Import Request.
  Time since last request: 0.000123 seconds.
  path: Assets/russian_buildings/prefabs/buildings_low/rus_build_9et_02a_low.prefab
  artifactKey: Guid(3807aeece2d202d4082fb6a74e59ee6b) Importer(815301076,1909f56bfc062723c751e8b465ee728b)
Start importing Assets/russian_buildings/prefabs/buildings_low/rus_build_9et_02a_low.prefab using Guid(3807aeece2d202d4082fb6a74e59ee6b) Importer(815301076,1909f56bfc062723c751e8b465ee728b)  -> (artifact id: '39761b080ef15983f3b7f49b2740ef61') in 0.031763 seconds 
========================================================================
Received Import Request.
  Time since last request: 0.000062 seconds.
  path: Assets/russian_buildings/prefabs/buildings_low/rus_build_5et_03c_low.prefab
  artifactKey: Guid(6ec2847feecbeeb43871391ad3f8b993) Importer(815301076,1909f56bfc062723c751e8b465ee728b)
Start importing Assets/russian_buildings/prefabs/buildings_low/rus_build_5et_03c_low.prefab using Guid(6ec2847feecbeeb43871391ad3f8b993) Importer(815301076,1909f56bfc062723c751e8b465ee728b)  -> (artifact id: '3dea7cafdd23e08e3722de8e2c11e7e1') in 0.032107 seconds 
========================================================================
Received Import Request.
  Time since last request: 0.000032 seconds.
  path: Assets/russian_buildings/prefabs/buildings_low/rus_build_5et_03a_low.prefab
  artifactKey: Guid(5a760ff159dab1f45a917cb73f9ceb03) Importer(815301076,1909f56bfc062723c751e8b465ee728b)
Start importing Assets/russian_buildings/prefabs/buildings_low/rus_build_5et_03a_low.prefab using Guid(5a760ff159dab1f45a917cb73f9ceb03) Importer(815301076,1909f56bfc062723c751e8b465ee728b)  -> (artifact id: '05b3dceca47189d0b4e89f04e1e1606d') in 0.032124 seconds 
========================================================================
Received Import Request.
  Time since last request: 0.000027 seconds.
  path: Assets/russian_buildings/prefabs/buildings_low/rus_build_2et_01c_low.prefab
  artifactKey: Guid(113399417063b314caa81e403a2b62f0) Importer(815301076,1909f56bfc062723c751e8b465ee728b)
Start importing Assets/russian_buildings/prefabs/buildings_low/rus_build_2et_01c_low.prefab using Guid(113399417063b314caa81e403a2b62f0) Importer(815301076,1909f56bfc062723c751e8b465ee728b)  -> (artifact id: 'dcba8abd7ae3f3e913ab0143e6ca3b06') in 0.035670 seconds 
========================================================================
Received Import Request.
  Time since last request: 0.000022 seconds.
  path: Assets/russian_buildings/prefabs/buildings_low/rus_build_9et_03b_low.prefab
  artifactKey: Guid(96f5c8fbe4b7c0141b5ba8c462960028) Importer(815301076,1909f56bfc062723c751e8b465ee728b)
Start importing Assets/russian_buildings/prefabs/buildings_low/rus_build_9et_03b_low.prefab using Guid(96f5c8fbe4b7c0141b5ba8c462960028) Importer(815301076,1909f56bfc062723c751e8b465ee728b)  -> (artifact id: 'e4bf0081f4e04bc5266704147ab728d7') in 0.031774 seconds 
========================================================================
Received Import Request.
  Time since last request: 0.000031 seconds.
  path: Assets/russian_buildings/prefabs/buildings_low/rus_build_5et_02_low.prefab
  artifactKey: Guid(e934a6692eb737c4e9f135f16db53b82) Importer(815301076,1909f56bfc062723c751e8b465ee728b)
Start importing Assets/russian_buildings/prefabs/buildings_low/rus_build_5et_02_low.prefab using Guid(e934a6692eb737c4e9f135f16db53b82) Importer(815301076,1909f56bfc062723c751e8b465ee728b)  -> (artifact id: 'e123c2222b478354e3772a7ee796ed3a') in 0.032448 seconds 
========================================================================
Received Import Request.
  Time since last request: 0.000090 seconds.
  path: Assets/russian_buildings/prefabs/buildings_low/rus_build_9et_02_low.prefab
  artifactKey: Guid(804c4667a93cc884a87e62f15b0eb07a) Importer(815301076,1909f56bfc062723c751e8b465ee728b)
Start importing Assets/russian_buildings/prefabs/buildings_low/rus_build_9et_02_low.prefab using Guid(804c4667a93cc884a87e62f15b0eb07a) Importer(815301076,1909f56bfc062723c751e8b465ee728b)  -> (artifact id: 'ee17f40a1e4701b7461ded01f865cb6e') in 0.026613 seconds 
