Using pre-set license
Built from '2021.2/staging' branch; Version is '2021.2.11f1 (e50cafbb4399) revision 15010991'; Using compiler version '192829333'; Build Type 'Release'
OS: 'Windows 10  (10.0.17134) 64bit Core' Language: 'en' Physical Memory: 16228 MB
BatchMode: 1, IsHumanControllingUs: 0, StartBugReporterOnCrash: 0, Is64bit: 1, IsPro: 0

COMMAND LINE ARGUMENTS:
C:\Program Files\Unity\Hub\Editor\2021.2.11f1\Editor\Unity.exe
-adb2
-batchMode
-noUpm
-name
AssetImportWorker0
-projectPath
C:/Users/Owner/Documents/GitHub/G300/Game Project
-logFile
Logs/AssetImportWorker0.log
-srvPort
59497
Successfully changed project path to: C:/Users/Owner/Documents/GitHub/G300/Game Project
C:/Users/Owner/Documents/GitHub/G300/Game Project
[UnityMemory] Configuration Parameters - Can be set up in boot.config
    "memorysetup-bucket-allocator-granularity=16"
    "memorysetup-bucket-allocator-bucket-count=8"
    "memorysetup-bucket-allocator-block-size=33554432"
    "memorysetup-bucket-allocator-block-count=8"
    "memorysetup-main-allocator-block-size=16777216"
    "memorysetup-thread-allocator-block-size=16777216"
    "memorysetup-gfx-main-allocator-block-size=16777216"
    "memorysetup-gfx-thread-allocator-block-size=16777216"
    "memorysetup-cache-allocator-block-size=4194304"
    "memorysetup-typetree-allocator-block-size=2097152"
    "memorysetup-profiler-bucket-allocator-granularity=16"
    "memorysetup-profiler-bucket-allocator-bucket-count=8"
    "memorysetup-profiler-bucket-allocator-block-size=33554432"
    "memorysetup-profiler-bucket-allocator-block-count=8"
    "memorysetup-profiler-allocator-block-size=16777216"
    "memorysetup-profiler-editor-allocator-block-size=1048576"
    "memorysetup-temp-allocator-size-main=16777216"
    "memorysetup-job-temp-allocator-block-size=2097152"
    "memorysetup-job-temp-allocator-block-size-background=1048576"
    "memorysetup-job-temp-allocator-reduction-small-platforms=262144"
    "memorysetup-temp-allocator-size-background-worker=32768"
    "memorysetup-temp-allocator-size-job-worker=262144"
    "memorysetup-temp-allocator-size-preload-manager=33554432"
    "memorysetup-temp-allocator-size-nav-mesh-worker=65536"
    "memorysetup-temp-allocator-size-audio-worker=65536"
    "memorysetup-temp-allocator-size-cloud-worker=32768"
    "memorysetup-temp-allocator-size-gi-baking-worker=262144"
    "memorysetup-temp-allocator-size-gfx=262144"
Refreshing native plugins compatible for Editor in 80.78 ms, found 2 plugins.
Preloading 0 native plugins for Editor in 0.00 ms.
Initialize engine version: 2021.2.11f1 (e50cafbb4399)
[Subsystems] Discovering subsystems at path C:/Program Files/Unity/Hub/Editor/2021.2.11f1/Editor/Data/Resources/UnitySubsystems
[Subsystems] Discovering subsystems at path C:/Users/Owner/Documents/GitHub/G300/Game Project/Assets
GfxDevice: creating device client; threaded=0; jobified=0
Direct3D:
    Version:  Direct3D 11.0 [level 11.1]
    Renderer: NVIDIA GeForce MX150 (ID=0x1d10)
    Vendor:   NVIDIA
    VRAM:     1983 MB
    Driver:   24.21.13.9836
Initialize mono
Mono path[0] = 'C:/Program Files/Unity/Hub/Editor/2021.2.11f1/Editor/Data/Managed'
Mono path[1] = 'C:/Program Files/Unity/Hub/Editor/2021.2.11f1/Editor/Data/MonoBleedingEdge/lib/mono/unityjit-win32'
Mono config path = 'C:/Program Files/Unity/Hub/Editor/2021.2.11f1/Editor/Data/MonoBleedingEdge/etc'
Using monoOptions --debugger-agent=transport=dt_socket,embedding=1,server=y,suspend=n,address=127.0.0.1:56300
Begin MonoManager ReloadAssembly
Registering precompiled unity dll's ...
Register platform support module: C:/Program Files/Unity/Hub/Editor/2021.2.11f1/Editor/Data/PlaybackEngines/WindowsStandaloneSupport/UnityEditor.WindowsStandalone.Extensions.dll
Registered in 0.008518 seconds.
Native extension for WindowsStandalone target not found
Refreshing native plugins compatible for Editor in 52.67 ms, found 2 plugins.
Preloading 0 native plugins for Editor in 0.00 ms.
Mono: successfully reloaded assembly
- Completed reload, in  0.738 seconds
Domain Reload Profiling:
	ReloadAssembly (739ms)
		BeginReloadAssembly (95ms)
			ExecutionOrderSort (0ms)
			DisableScriptedObjects (0ms)
			BackupInstance (0ms)
			ReleaseScriptingObjects (0ms)
			CreateAndSetChildDomain (1ms)
		EndReloadAssembly (541ms)
			LoadAssemblies (92ms)
			RebuildTransferFunctionScriptingTraits (0ms)
			SetupTypeCache (128ms)
			ReleaseScriptCaches (0ms)
			RebuildScriptCaches (34ms)
			SetupLoadedEditorAssemblies (314ms)
				LogAssemblyErrors (0ms)
				InitializePlatformSupportModulesInManaged (20ms)
				SetLoadedEditorAssemblies (0ms)
				RefreshPlugins (53ms)
				BeforeProcessingInitializeOnLoad (1ms)
				ProcessInitializeOnLoadAttributes (181ms)
				ProcessInitializeOnLoadMethodAttributes (59ms)
				AfterProcessingInitializeOnLoad (0ms)
				EditorAssembliesLoaded (0ms)
			ExecutionOrderSort2 (0ms)
			AwakeInstancesAfterBackupRestoration (0ms)
Platform modules already initialized, skipping
Registering precompiled user dll's ...
Registered in 0.009644 seconds.
Begin MonoManager ReloadAssembly
Native extension for WindowsStandalone target not found
Refreshing native plugins compatible for Editor in 0.50 ms, found 2 plugins.
Preloading 0 native plugins for Editor in 0.00 ms.
Mono: successfully reloaded assembly
- Completed reload, in  1.136 seconds
Domain Reload Profiling:
	ReloadAssembly (1137ms)
		BeginReloadAssembly (145ms)
			ExecutionOrderSort (0ms)
			DisableScriptedObjects (7ms)
			BackupInstance (0ms)
			ReleaseScriptingObjects (0ms)
			CreateAndSetChildDomain (24ms)
		EndReloadAssembly (873ms)
			LoadAssemblies (91ms)
			RebuildTransferFunctionScriptingTraits (0ms)
			SetupTypeCache (250ms)
			ReleaseScriptCaches (0ms)
			RebuildScriptCaches (56ms)
			SetupLoadedEditorAssemblies (426ms)
				LogAssemblyErrors (0ms)
				InitializePlatformSupportModulesInManaged (14ms)
				SetLoadedEditorAssemblies (1ms)
				RefreshPlugins (1ms)
				BeforeProcessingInitializeOnLoad (93ms)
				ProcessInitializeOnLoadAttributes (273ms)
				ProcessInitializeOnLoadMethodAttributes (36ms)
				AfterProcessingInitializeOnLoad (9ms)
				EditorAssembliesLoaded (0ms)
			ExecutionOrderSort2 (0ms)
			AwakeInstancesAfterBackupRestoration (12ms)
Platform modules already initialized, skipping
========================================================================
Worker process is ready to serve import requests
Launched and connected shader compiler UnityShaderCompiler.exe after 0.05 seconds
Refreshing native plugins compatible for Editor in 0.59 ms, found 2 plugins.
Preloading 0 native plugins for Editor in 0.00 ms.
Unloading 1912 Unused Serialized files (Serialized files now loaded: 0)
Unloading 20 unused Assets / (110.5 KB). Loaded Objects now: 2383.
Memory consumption went from 86.2 MB to 86.1 MB.
Total: 3.837431 ms (FindLiveObjects: 0.246233 ms CreateObjectMapping: 0.178892 ms MarkObjects: 3.239069 ms  DeleteObjects: 0.172209 ms)

AssetImportParameters requested are different than current active one (requested -> active):
  custom:video-decoder-ogg-theora: a1e56fd34408186e4bbccfd4996cb3dc -> 
  custom:container-muxer-webm: aa71ff27fc2769a1b78a27578f13a17b -> 
  custom:container-demuxer-webm: 4f35f7cbe854078d1ac9338744f61a02 -> 
  custom:video-encoder-webm-vp8: eb34c28f22e8b96e1ab97ce403110664 -> 
  custom:video-codec-MediaFoundation-h265: 746d11721c4dcdbdad8f713fa42b33f4 -> 
  custom:audio-encoder-webm-vorbis: bf7c407c2cedff20999df2af8eb42d56 -> 
  custom:framework-win-MediaFoundation: 216162199b28c13a410421893ffa2e32 -> 
  custom:container-demuxer-ogg: 62fdf1f143b41e24485cea50d1cbac27 -> 
  custom:video-decoder-webm-vp8: 9c59270c3fd7afecdb556c50c9e8de78 -> 
  custom:audio-decoder-ogg-vorbis: bf7c407c2cedff20999df2af8eb42d56 -> 
========================================================================
Received Import Request.
  Time since last request: 186624.782682 seconds.
  path: Assets/KB3D/CommonTextures/KB3D_NEC_BannerA_height.png
  artifactKey: Guid(c4daa8ffa0618c243a0ec56f37279469) Importer(815301076,1909f56bfc062723c751e8b465ee728b)
Start importing Assets/KB3D/CommonTextures/KB3D_NEC_BannerA_height.png using Guid(c4daa8ffa0618c243a0ec56f37279469) Importer(815301076,1909f56bfc062723c751e8b465ee728b)  -> (artifact id: 'a83e869ba258485a01f7a66d5b0effb3') in 0.178559 seconds 
========================================================================
Received Import Request.
  Time since last request: 0.000027 seconds.
  path: Assets/KB3D/CommonTextures/KB3D_NEC_ConcreteB_height.png
  artifactKey: Guid(4794b4a68aad3c1489a3aad3ea58bc30) Importer(815301076,1909f56bfc062723c751e8b465ee728b)
Start importing Assets/KB3D/CommonTextures/KB3D_NEC_ConcreteB_height.png using Guid(4794b4a68aad3c1489a3aad3ea58bc30) Importer(815301076,1909f56bfc062723c751e8b465ee728b)  -> (artifact id: '253424296771a37cbea9cd3ae2670c67') in 0.044430 seconds 
========================================================================
Received Import Request.
  Time since last request: 0.000025 seconds.
  path: Assets/KB3D/CommonTextures/KB3D_NEC_AsphaltHexagonRoof_height.png
  artifactKey: Guid(d63c48e527d5e0b46b1dee3abb8a6bd8) Importer(815301076,1909f56bfc062723c751e8b465ee728b)
Start importing Assets/KB3D/CommonTextures/KB3D_NEC_AsphaltHexagonRoof_height.png using Guid(d63c48e527d5e0b46b1dee3abb8a6bd8) Importer(815301076,1909f56bfc062723c751e8b465ee728b)  -> (artifact id: '29e009196cd73f1cf05a8b4038bb63b8') in 0.052724 seconds 
========================================================================
Received Import Request.
  Time since last request: 0.000040 seconds.
  path: Assets/KB3D/CommonTextures/KB3D_NEC_AirCon_height.png
  artifactKey: Guid(4c6d70ef530242b4d8336c04eff9a686) Importer(815301076,1909f56bfc062723c751e8b465ee728b)
Start importing Assets/KB3D/CommonTextures/KB3D_NEC_AirCon_height.png using Guid(4c6d70ef530242b4d8336c04eff9a686) Importer(815301076,1909f56bfc062723c751e8b465ee728b)  -> (artifact id: '848bf26dd00ccc9cbbc4d66e8e664ab0') in 0.044693 seconds 
========================================================================
Received Import Request.
  Time since last request: 0.000024 seconds.
  path: Assets/KB3D/CommonTextures/KB3D_NEC_ConcreteTiles_basecolor.png
  artifactKey: Guid(fd355284efd5a4843bfc105da094800c) Importer(815301076,1909f56bfc062723c751e8b465ee728b)
Start importing Assets/KB3D/CommonTextures/KB3D_NEC_ConcreteTiles_basecolor.png using Guid(fd355284efd5a4843bfc105da094800c) Importer(815301076,1909f56bfc062723c751e8b465ee728b)  -> (artifact id: '4f7b2dc08f3a275e11c04aa2a17db136') in 0.033436 seconds 
========================================================================
Received Import Request.
  Time since last request: 0.000042 seconds.
  path: Assets/KB3D/CommonTextures/KB3D_NEC_ConcreteAccent_mads.png
  artifactKey: Guid(735e4574d97cb0f4f9f09881c19adf82) Importer(815301076,1909f56bfc062723c751e8b465ee728b)
Start importing Assets/KB3D/CommonTextures/KB3D_NEC_ConcreteAccent_mads.png using Guid(735e4574d97cb0f4f9f09881c19adf82) Importer(815301076,1909f56bfc062723c751e8b465ee728b)  -> (artifact id: '35fff29513d0540a883027f5f8bc763e') in 0.068102 seconds 
========================================================================
Received Import Request.
  Time since last request: 0.000032 seconds.
  path: Assets/KB3D/CommonTextures/KB3D_NEC_Cardboard_normal.png
  artifactKey: Guid(552bace44231b594b955ce8228183ddc) Importer(815301076,1909f56bfc062723c751e8b465ee728b)
Start importing Assets/KB3D/CommonTextures/KB3D_NEC_Cardboard_normal.png using Guid(552bace44231b594b955ce8228183ddc) Importer(815301076,1909f56bfc062723c751e8b465ee728b)  -> (artifact id: '8fe9446b2c01a93611d0d584f5c51f49') in 0.113277 seconds 
========================================================================
Received Import Request.
  Time since last request: 0.000032 seconds.
  path: Assets/KB3D/CommonTextures/KB3D_NEC_Brass_basecolor.png
  artifactKey: Guid(02090b02ede022846a820670c3674f5d) Importer(815301076,1909f56bfc062723c751e8b465ee728b)
Start importing Assets/KB3D/CommonTextures/KB3D_NEC_Brass_basecolor.png using Guid(02090b02ede022846a820670c3674f5d) Importer(815301076,1909f56bfc062723c751e8b465ee728b)  -> (artifact id: 'ef0b1d275558d648f6a9ba8b07f634c0') in 0.054262 seconds 
========================================================================
Received Import Request.
  Time since last request: 0.000057 seconds.
  path: Assets/KB3D/CommonTextures/KB3D_NEC_BlackCloth_mads.png
  artifactKey: Guid(880b3b4ed0f57e14d86235dd4d6bfac7) Importer(815301076,1909f56bfc062723c751e8b465ee728b)
Start importing Assets/KB3D/CommonTextures/KB3D_NEC_BlackCloth_mads.png using Guid(880b3b4ed0f57e14d86235dd4d6bfac7) Importer(815301076,1909f56bfc062723c751e8b465ee728b)  -> (artifact id: 'eb5a65c313c130129d03f7fe079fa466') in 0.062255 seconds 
========================================================================
Received Import Request.
  Time since last request: 0.000040 seconds.
  path: Assets/KB3D/CommonTextures/KB3D_NEC_AsphaltHexagonRoof_mads.png
  artifactKey: Guid(308145b664f26d146878fa357b6f5ebc) Importer(815301076,1909f56bfc062723c751e8b465ee728b)
Start importing Assets/KB3D/CommonTextures/KB3D_NEC_AsphaltHexagonRoof_mads.png using Guid(308145b664f26d146878fa357b6f5ebc) Importer(815301076,1909f56bfc062723c751e8b465ee728b)  -> (artifact id: '793e880dae34dfd988eb56e1bd6e4c8b') in 0.055154 seconds 
========================================================================
Received Import Request.
  Time since last request: 0.000027 seconds.
  path: Assets/KB3D/CommonTextures/KB3D_NEC_ConcreteA_normal.png
  artifactKey: Guid(faac07119130294498775328874e0ba6) Importer(815301076,1909f56bfc062723c751e8b465ee728b)
Start importing Assets/KB3D/CommonTextures/KB3D_NEC_ConcreteA_normal.png using Guid(faac07119130294498775328874e0ba6) Importer(815301076,1909f56bfc062723c751e8b465ee728b)  -> (artifact id: 'd70c600f059694c035da51ff67b079a7') in 0.069292 seconds 
========================================================================
Received Import Request.
  Time since last request: 0.000082 seconds.
  path: Assets/KB3D/CommonTextures/KB3D_NEC_ConcreteA_mads.png
  artifactKey: Guid(432a733f99cc2ba46aa7d2a27f18c859) Importer(815301076,1909f56bfc062723c751e8b465ee728b)
Start importing Assets/KB3D/CommonTextures/KB3D_NEC_ConcreteA_mads.png using Guid(432a733f99cc2ba46aa7d2a27f18c859) Importer(815301076,1909f56bfc062723c751e8b465ee728b)  -> (artifact id: 'd9fb3f4ec4367be088bbe0cafd8ed323') in 0.060499 seconds 
========================================================================
Received Import Request.
  Time since last request: 0.000039 seconds.
  path: Assets/KB3D/CommonTextures/KB3D_NEC_BannerA_normal.png
  artifactKey: Guid(e8de109ebc2105e4381625d42a8b61ae) Importer(815301076,1909f56bfc062723c751e8b465ee728b)
Start importing Assets/KB3D/CommonTextures/KB3D_NEC_BannerA_normal.png using Guid(e8de109ebc2105e4381625d42a8b61ae) Importer(815301076,1909f56bfc062723c751e8b465ee728b)  -> (artifact id: '29a54ae6f2d631763353f11f85f41fcc') in 0.058125 seconds 
========================================================================
Received Import Request.
  Time since last request: 0.000029 seconds.
  path: Assets/KB3D/CommonTextures/KB3D_NEC_ConcreteWall_normal.png
  artifactKey: Guid(c7310b9495de02f4bb4318ef0ca5f035) Importer(815301076,1909f56bfc062723c751e8b465ee728b)
Start importing Assets/KB3D/CommonTextures/KB3D_NEC_ConcreteWall_normal.png using Guid(c7310b9495de02f4bb4318ef0ca5f035) Importer(815301076,1909f56bfc062723c751e8b465ee728b)  -> (artifact id: '976f9c308152baaef4423db32545be05') in 0.044946 seconds 
========================================================================
Received Import Request.
  Time since last request: 0.000032 seconds.
  path: Assets/KB3D/CommonTextures/KB3D_NEC_ConcreteAccent_basecolor.png
  artifactKey: Guid(aa7e411665cb0bc42a6320dd2ed42f90) Importer(815301076,1909f56bfc062723c751e8b465ee728b)
Start importing Assets/KB3D/CommonTextures/KB3D_NEC_ConcreteAccent_basecolor.png using Guid(aa7e411665cb0bc42a6320dd2ed42f90) Importer(815301076,1909f56bfc062723c751e8b465ee728b)  -> (artifact id: 'cbd237c89a1fb9228344da731feed0cc') in 0.041984 seconds 
========================================================================
Received Import Request.
  Time since last request: 0.000050 seconds.
  path: Assets/KB3D/CommonTextures/KB3D_NEC_Brass_normal.png
  artifactKey: Guid(a3fdddb93dfc88a47a74263092de8232) Importer(815301076,1909f56bfc062723c751e8b465ee728b)
Start importing Assets/KB3D/CommonTextures/KB3D_NEC_Brass_normal.png using Guid(a3fdddb93dfc88a47a74263092de8232) Importer(815301076,1909f56bfc062723c751e8b465ee728b)  -> (artifact id: 'd76ba72be5593271e24fb32651708a62') in 0.068564 seconds 
========================================================================
Received Import Request.
  Time since last request: 0.000052 seconds.
  path: Assets/KB3D/CommonTextures/KB3D_NEC_AirCon_normal.png
  artifactKey: Guid(ae91fcbce62e8924c9e14b6dc855e84c) Importer(815301076,1909f56bfc062723c751e8b465ee728b)
Start importing Assets/KB3D/CommonTextures/KB3D_NEC_AirCon_normal.png using Guid(ae91fcbce62e8924c9e14b6dc855e84c) Importer(815301076,1909f56bfc062723c751e8b465ee728b)  -> (artifact id: '268ed4af10d41ee6af3c8ec8d14e682f') in 0.056167 seconds 
========================================================================
Received Import Request.
  Time since last request: 0.000055 seconds.
  path: Assets/KB3D/CommonTextures/KB3D_NEC_Cardboard_basecolor.png
  artifactKey: Guid(c3a6ce2eb536adc42a2f8927494f0ec5) Importer(815301076,1909f56bfc062723c751e8b465ee728b)
Start importing Assets/KB3D/CommonTextures/KB3D_NEC_Cardboard_basecolor.png using Guid(c3a6ce2eb536adc42a2f8927494f0ec5) Importer(815301076,1909f56bfc062723c751e8b465ee728b)  -> (artifact id: 'a4dd961ea306c700ac2e071a8bc6c2a6') in 0.042061 seconds 
========================================================================
Received Import Request.
  Time since last request: 0.000096 seconds.
  path: Assets/KB3D/CommonTextures/KB3D_NEC_ConcreteWall_height.png
  artifactKey: Guid(7ee86f56c605af34e906e13843e59f1b) Importer(815301076,1909f56bfc062723c751e8b465ee728b)
Start importing Assets/KB3D/CommonTextures/KB3D_NEC_ConcreteWall_height.png using Guid(7ee86f56c605af34e906e13843e59f1b) Importer(815301076,1909f56bfc062723c751e8b465ee728b)  -> (artifact id: '69904484d2617b8387ca73bce2404eca') in 0.049683 seconds 
========================================================================
Received Import Request.
  Time since last request: 0.000025 seconds.
  path: Assets/KB3D/CommonTextures/KB3D_NEC_AirCon_mads.png
  artifactKey: Guid(a81b08f341df29941846d88116e4ece8) Importer(815301076,1909f56bfc062723c751e8b465ee728b)
Start importing Assets/KB3D/CommonTextures/KB3D_NEC_AirCon_mads.png using Guid(a81b08f341df29941846d88116e4ece8) Importer(815301076,1909f56bfc062723c751e8b465ee728b)  -> (artifact id: '8a614bafb4df9f12dc3d5a6003385ed8') in 0.060209 seconds 
========================================================================
Received Import Request.
  Time since last request: 0.000023 seconds.
  path: Assets/KB3D/CommonTextures/KB3D_NEC_BannerA_basecolor.png
  artifactKey: Guid(c48e9468cc9ee744e82edd7b48cf53e1) Importer(815301076,1909f56bfc062723c751e8b465ee728b)
Start importing Assets/KB3D/CommonTextures/KB3D_NEC_BannerA_basecolor.png using Guid(c48e9468cc9ee744e82edd7b48cf53e1) Importer(815301076,1909f56bfc062723c751e8b465ee728b)  -> (artifact id: 'f32fdfe0af8d00e8f155318195665ff5') in 0.058177 seconds 
========================================================================
Received Import Request.
  Time since last request: 0.000032 seconds.
  path: Assets/KB3D/CommonTextures/KB3D_NEC_Brass_mads.png
  artifactKey: Guid(150d4b2f191182446b16132ff07ec071) Importer(815301076,1909f56bfc062723c751e8b465ee728b)
Start importing Assets/KB3D/CommonTextures/KB3D_NEC_Brass_mads.png using Guid(150d4b2f191182446b16132ff07ec071) Importer(815301076,1909f56bfc062723c751e8b465ee728b)  -> (artifact id: '0544e5061728c55818dd8f87a716cd9f') in 0.070557 seconds 
========================================================================
Received Import Request.
  Time since last request: 0.000058 seconds.
  path: Assets/KB3D/CommonTextures/KB3D_NEC_Cardboard_mads.png
  artifactKey: Guid(b7d135e7fe7b47349962897a1459fc8f) Importer(815301076,1909f56bfc062723c751e8b465ee728b)
Start importing Assets/KB3D/CommonTextures/KB3D_NEC_Cardboard_mads.png using Guid(b7d135e7fe7b47349962897a1459fc8f) Importer(815301076,1909f56bfc062723c751e8b465ee728b)  -> (artifact id: '025b6c0fa2ff9dd8e0112a98ce812a07') in 0.049152 seconds 
========================================================================
Received Import Request.
  Time since last request: 3.159962 seconds.
  path: Assets/KB3D/NeoCities
  artifactKey: Guid(2e3ef9cad177cbf468162c7d77439617) Importer(815301076,1909f56bfc062723c751e8b465ee728b)
Start importing Assets/KB3D/NeoCities using Guid(2e3ef9cad177cbf468162c7d77439617) Importer(815301076,1909f56bfc062723c751e8b465ee728b)  -> (artifact id: '125a7912f146c37f8fb3d3e13c9bc31e') in 0.010594 seconds 
========================================================================
Received Import Request.
  Time since last request: 0.194389 seconds.
  path: Assets/KB3D/NeoCities/KB3D_NEC_BldgLG_A.fbx
  artifactKey: Guid(ec2849a75d44bb94c8c92fc8b813441f) Importer(815301076,1909f56bfc062723c751e8b465ee728b)
Start importing Assets/KB3D/NeoCities/KB3D_NEC_BldgLG_A.fbx using Guid(ec2849a75d44bb94c8c92fc8b813441f) Importer(815301076,1909f56bfc062723c751e8b465ee728b)  -> (artifact id: '2ed2cf2f1ab8f5414e20904a8280a7c0') in 1.484071 seconds 
========================================================================
Received Import Request.
  Time since last request: 0.000049 seconds.
  path: Assets/KB3D/NeoCities/KB3D_NEC_BldgSM_A.fbx
  artifactKey: Guid(31cddd5b536a5e548931af665cc50331) Importer(815301076,1909f56bfc062723c751e8b465ee728b)
Start importing Assets/KB3D/NeoCities/KB3D_NEC_BldgSM_A.fbx using Guid(31cddd5b536a5e548931af665cc50331) Importer(815301076,1909f56bfc062723c751e8b465ee728b)  -> (artifact id: 'e0f39319fe61b116bd99d9b47f697785') in 0.797260 seconds 
========================================================================
Received Import Request.
  Time since last request: 0.000035 seconds.
  path: Assets/KB3D/NeoCities/KB3D_NEC_BldgMD_A.fbx
  artifactKey: Guid(1915c605a3fdd4944afd11f67cc37cf0) Importer(815301076,1909f56bfc062723c751e8b465ee728b)
Start importing Assets/KB3D/NeoCities/KB3D_NEC_BldgMD_A.fbx using Guid(1915c605a3fdd4944afd11f67cc37cf0) Importer(815301076,1909f56bfc062723c751e8b465ee728b)  -> (artifact id: '027b7fed45d6c84f637653bd508cc855') in 0.747337 seconds 
========================================================================
Received Import Request.
  Time since last request: 0.000028 seconds.
  path: Assets/KB3D/NeoCities/KB3D_NEC_BldgMD_B.fbx
  artifactKey: Guid(c4c2fb57480867345b298d8578029c15) Importer(815301076,1909f56bfc062723c751e8b465ee728b)
Start importing Assets/KB3D/NeoCities/KB3D_NEC_BldgMD_B.fbx using Guid(c4c2fb57480867345b298d8578029c15) Importer(815301076,1909f56bfc062723c751e8b465ee728b)  -> (artifact id: 'bfdff31278195e55b992eec1e6ea12a3') in 0.657743 seconds 
========================================================================
Received Import Request.
  Time since last request: 0.995059 seconds.
  path: Assets/KB3D/NeoCities/Materials
  artifactKey: Guid(a15b5c17add151947a13e1a5845c46ed) Importer(815301076,1909f56bfc062723c751e8b465ee728b)
Start importing Assets/KB3D/NeoCities/Materials using Guid(a15b5c17add151947a13e1a5845c46ed) Importer(815301076,1909f56bfc062723c751e8b465ee728b)  -> (artifact id: '17bd8567dd150ff65044304c94df9f39') in 0.008718 seconds 
========================================================================
Received Import Request.
  Time since last request: 0.059170 seconds.
  path: Assets/KB3D/NeoCities/Materials/KB3D_NEC_BannerA.mat
  artifactKey: Guid(872a92656e6abc94d92256a781040cbb) Importer(815301076,1909f56bfc062723c751e8b465ee728b)
Start importing Assets/KB3D/NeoCities/Materials/KB3D_NEC_BannerA.mat using Guid(872a92656e6abc94d92256a781040cbb) Importer(815301076,1909f56bfc062723c751e8b465ee728b)  -> (artifact id: '6855e3dcf7a062d99291bafaf70a2dec') in 0.105028 seconds 
========================================================================
Received Import Request.
  Time since last request: 0.000025 seconds.
  path: Assets/KB3D/NeoCities/Materials/KB3D_NEC_PaintWhiteRusty.mat
  artifactKey: Guid(781fcada43fe9d24d85ba7dedfa162eb) Importer(815301076,1909f56bfc062723c751e8b465ee728b)
Start importing Assets/KB3D/NeoCities/Materials/KB3D_NEC_PaintWhiteRusty.mat using Guid(781fcada43fe9d24d85ba7dedfa162eb) Importer(815301076,1909f56bfc062723c751e8b465ee728b)  -> (artifact id: '93b723e536219f5a947f8d19654e94b7') in 0.077083 seconds 
========================================================================
Received Import Request.
  Time since last request: 0.000029 seconds.
  path: Assets/KB3D/NeoCities/Materials/KB3D_NEC_PaperWhite.mat
  artifactKey: Guid(1df3cd8a72242eb448748fc727219f63) Importer(815301076,1909f56bfc062723c751e8b465ee728b)
Start importing Assets/KB3D/NeoCities/Materials/KB3D_NEC_PaperWhite.mat using Guid(1df3cd8a72242eb448748fc727219f63) Importer(815301076,1909f56bfc062723c751e8b465ee728b)  -> (artifact id: '6fa13d462dea0dedd686cf5545db5071') in 0.104241 seconds 
========================================================================
Received Import Request.
  Time since last request: 0.000076 seconds.
  path: Assets/KB3D/NeoCities/Materials/KB3D_NEC_OxidizedSteel.mat
  artifactKey: Guid(08777be1a7a534d488ba2a61ef1b71de) Importer(815301076,1909f56bfc062723c751e8b465ee728b)
Start importing Assets/KB3D/NeoCities/Materials/KB3D_NEC_OxidizedSteel.mat using Guid(08777be1a7a534d488ba2a61ef1b71de) Importer(815301076,1909f56bfc062723c751e8b465ee728b)  -> (artifact id: 'dc5b1cac0f8f8effe2c93045787c6e0f') in 0.094157 seconds 
========================================================================
Received Import Request.
  Time since last request: 0.000040 seconds.
  path: Assets/KB3D/NeoCities/Materials/KB3D_NEC_LightBlue.mat
  artifactKey: Guid(adb4fd8b658bd3c44b8c64b248ed251e) Importer(815301076,1909f56bfc062723c751e8b465ee728b)
Start importing Assets/KB3D/NeoCities/Materials/KB3D_NEC_LightBlue.mat using Guid(adb4fd8b658bd3c44b8c64b248ed251e) Importer(815301076,1909f56bfc062723c751e8b465ee728b)  -> (artifact id: '5bbee218a3b85c608f83900c6d630986') in 0.090112 seconds 
========================================================================
Received Import Request.
  Time since last request: 0.000039 seconds.
  path: Assets/KB3D/NeoCities/Materials/KB3D_NEC_MetalPaintWorn.mat
  artifactKey: Guid(6c496a272c8f7674f8081063ebf72aaa) Importer(815301076,1909f56bfc062723c751e8b465ee728b)
Start importing Assets/KB3D/NeoCities/Materials/KB3D_NEC_MetalPaintWorn.mat using Guid(6c496a272c8f7674f8081063ebf72aaa) Importer(815301076,1909f56bfc062723c751e8b465ee728b)  -> (artifact id: 'f41c3ce18734b407b388bc867759f405') in 0.084529 seconds 
========================================================================
Received Import Request.
  Time since last request: 0.000071 seconds.
  path: Assets/KB3D/NeoCities/Materials/KB3D_NEC_MetalPaintYellow.mat
  artifactKey: Guid(3da9bf9b35b5ae34d853ad71fc52ceb9) Importer(815301076,1909f56bfc062723c751e8b465ee728b)
Start importing Assets/KB3D/NeoCities/Materials/KB3D_NEC_MetalPaintYellow.mat using Guid(3da9bf9b35b5ae34d853ad71fc52ceb9) Importer(815301076,1909f56bfc062723c751e8b465ee728b)  -> (artifact id: '275796268c05f85ad813dc318d17b509') in 0.091964 seconds 
========================================================================
Received Import Request.
  Time since last request: 0.000051 seconds.
  path: Assets/KB3D/NeoCities/Materials/KB3D_NEC_ConcreteTiles.mat
  artifactKey: Guid(a62df475316d4e64b896704355c3926b) Importer(815301076,1909f56bfc062723c751e8b465ee728b)
Start importing Assets/KB3D/NeoCities/Materials/KB3D_NEC_ConcreteTiles.mat using Guid(a62df475316d4e64b896704355c3926b) Importer(815301076,1909f56bfc062723c751e8b465ee728b)  -> (artifact id: 'fe52ef0d059ec03ab454620f5bef8143') in 0.088740 seconds 
========================================================================
Received Import Request.
  Time since last request: 0.000069 seconds.
  path: Assets/KB3D/NeoCities/Materials/KB3D_NEC_SteelRaw.mat
  artifactKey: Guid(2be8a7136d63fe6458283781fac0cbb1) Importer(815301076,1909f56bfc062723c751e8b465ee728b)
Start importing Assets/KB3D/NeoCities/Materials/KB3D_NEC_SteelRaw.mat using Guid(2be8a7136d63fe6458283781fac0cbb1) Importer(815301076,1909f56bfc062723c751e8b465ee728b)  -> (artifact id: 'be55c55ec30a2917a7af166d8cf5904f') in 0.082394 seconds 
========================================================================
Received Import Request.
  Time since last request: 0.000046 seconds.
  path: Assets/KB3D/NeoCities/Materials/KB3D_NEC_Wood.mat
  artifactKey: Guid(96a3c23ff4d986546bf7bd754d378cbf) Importer(815301076,1909f56bfc062723c751e8b465ee728b)
Start importing Assets/KB3D/NeoCities/Materials/KB3D_NEC_Wood.mat using Guid(96a3c23ff4d986546bf7bd754d378cbf) Importer(815301076,1909f56bfc062723c751e8b465ee728b)  -> (artifact id: '400ff680d58761870c1c607f77751ce3') in 0.075928 seconds 
========================================================================
Received Import Request.
  Time since last request: 0.000113 seconds.
  path: Assets/KB3D/NeoCities/Materials/KB3D_NEC_TarpA.mat
  artifactKey: Guid(f0d469634d5d4f94bb88b84c0c7130df) Importer(815301076,1909f56bfc062723c751e8b465ee728b)
Start importing Assets/KB3D/NeoCities/Materials/KB3D_NEC_TarpA.mat using Guid(f0d469634d5d4f94bb88b84c0c7130df) Importer(815301076,1909f56bfc062723c751e8b465ee728b)  -> (artifact id: '0be1d92723198afe53d0b71f04aa3a20') in 0.081194 seconds 
========================================================================
Received Import Request.
  Time since last request: 0.000103 seconds.
  path: Assets/KB3D/NeoCities/Materials/KB3D_NEC_StreetTiles.mat
  artifactKey: Guid(d4bcc0cb30899e74f8fde96a6c7bb915) Importer(815301076,1909f56bfc062723c751e8b465ee728b)
Start importing Assets/KB3D/NeoCities/Materials/KB3D_NEC_StreetTiles.mat using Guid(d4bcc0cb30899e74f8fde96a6c7bb915) Importer(815301076,1909f56bfc062723c751e8b465ee728b)  -> (artifact id: '5a5de61552272efe1ce1b32cbe0483de') in 0.070742 seconds 
========================================================================
Received Import Request.
  Time since last request: 0.000060 seconds.
  path: Assets/KB3D/NeoCities/Materials/KB3D_NEC_Rubber.mat
  artifactKey: Guid(55940bf09de93ca4abb963f2416f4f93) Importer(815301076,1909f56bfc062723c751e8b465ee728b)
Start importing Assets/KB3D/NeoCities/Materials/KB3D_NEC_Rubber.mat using Guid(55940bf09de93ca4abb963f2416f4f93) Importer(815301076,1909f56bfc062723c751e8b465ee728b)  -> (artifact id: 'dcf591303847a6fd20469d7d983c7413') in 0.082622 seconds 
========================================================================
Received Import Request.
  Time since last request: 0.000081 seconds.
  path: Assets/KB3D/NeoCities/Materials/KB3D_NEC_MetalAccent.mat
  artifactKey: Guid(548b7e8d35fcf8944b045bd75223f1d8) Importer(815301076,1909f56bfc062723c751e8b465ee728b)
Start importing Assets/KB3D/NeoCities/Materials/KB3D_NEC_MetalAccent.mat using Guid(548b7e8d35fcf8944b045bd75223f1d8) Importer(815301076,1909f56bfc062723c751e8b465ee728b)  -> (artifact id: '8880344253fc9d796e60c3b75c145ebd') in 0.072083 seconds 
========================================================================
Received Import Request.
  Time since last request: 0.000025 seconds.
  path: Assets/KB3D/NeoCities/Materials/KB3D_NEC_WoodDarkGreyTower.mat
  artifactKey: Guid(68ef5b66d0847a04d8c886dacd0370d5) Importer(815301076,1909f56bfc062723c751e8b465ee728b)
Start importing Assets/KB3D/NeoCities/Materials/KB3D_NEC_WoodDarkGreyTower.mat using Guid(68ef5b66d0847a04d8c886dacd0370d5) Importer(815301076,1909f56bfc062723c751e8b465ee728b)  -> (artifact id: 'd7abcd770bdbfbab69065c588b9a143b') in 0.075622 seconds 
========================================================================
Received Import Request.
  Time since last request: 0.000026 seconds.
  path: Assets/KB3D/NeoCities/Materials/KB3D_NEC_GlassTinted.mat
  artifactKey: Guid(e1e496ebabc66a542bf5577e927db50c) Importer(815301076,1909f56bfc062723c751e8b465ee728b)
Start importing Assets/KB3D/NeoCities/Materials/KB3D_NEC_GlassTinted.mat using Guid(e1e496ebabc66a542bf5577e927db50c) Importer(815301076,1909f56bfc062723c751e8b465ee728b)  -> (artifact id: '6e08fecd9de73bd252affcc564539c6a') in 0.092969 seconds 
========================================================================
Received Import Request.
  Time since last request: 0.000030 seconds.
  path: Assets/KB3D/NeoCities/Materials/KB3D_NEC_LeavesBush.mat
  artifactKey: Guid(e3e0fc43fb649674db584c03837e453c) Importer(815301076,1909f56bfc062723c751e8b465ee728b)
Start importing Assets/KB3D/NeoCities/Materials/KB3D_NEC_LeavesBush.mat using Guid(e3e0fc43fb649674db584c03837e453c) Importer(815301076,1909f56bfc062723c751e8b465ee728b)  -> (artifact id: '2fae961b4b523e01781cb10cac8efc7b') in 0.072355 seconds 
========================================================================
Received Import Request.
  Time since last request: 0.000056 seconds.
  path: Assets/KB3D/NeoCities/Materials/KB3D_NEC_PaintedMetal.mat
  artifactKey: Guid(96ed653a7e4435247b2ddb11aaf75b6f) Importer(815301076,1909f56bfc062723c751e8b465ee728b)
Start importing Assets/KB3D/NeoCities/Materials/KB3D_NEC_PaintedMetal.mat using Guid(96ed653a7e4435247b2ddb11aaf75b6f) Importer(815301076,1909f56bfc062723c751e8b465ee728b)  -> (artifact id: 'f25bafccb47456090ffd9225ea1b3da6') in 0.087990 seconds 
========================================================================
Received Import Request.
  Time since last request: 0.000028 seconds.
  path: Assets/KB3D/NeoCities/Materials/KB3D_NEC_SatinSteel.mat
  artifactKey: Guid(c8e21ccf45d51d54e846e7b5583e161b) Importer(815301076,1909f56bfc062723c751e8b465ee728b)
Start importing Assets/KB3D/NeoCities/Materials/KB3D_NEC_SatinSteel.mat using Guid(c8e21ccf45d51d54e846e7b5583e161b) Importer(815301076,1909f56bfc062723c751e8b465ee728b)  -> (artifact id: '0a9372b499f8348da41b0319509fca71') in 0.076290 seconds 
========================================================================
Received Import Request.
  Time since last request: 0.000042 seconds.
  path: Assets/KB3D/NeoCities/Materials/KB3D_NEC_Cardboard.mat
  artifactKey: Guid(d2729a47d00d1604baa3218511abe4e8) Importer(815301076,1909f56bfc062723c751e8b465ee728b)
Start importing Assets/KB3D/NeoCities/Materials/KB3D_NEC_Cardboard.mat using Guid(d2729a47d00d1604baa3218511abe4e8) Importer(815301076,1909f56bfc062723c751e8b465ee728b)  -> (artifact id: '6492eb9e1ecee0041fbeebadb004df85') in 0.083005 seconds 
========================================================================
Received Import Request.
  Time since last request: 0.000040 seconds.
  path: Assets/KB3D/NeoCities/Materials/KB3D_NEC_MetalDarkWorn.mat
  artifactKey: Guid(39b83a2966bf35e46bbbcaffd13ece6d) Importer(815301076,1909f56bfc062723c751e8b465ee728b)
Start importing Assets/KB3D/NeoCities/Materials/KB3D_NEC_MetalDarkWorn.mat using Guid(39b83a2966bf35e46bbbcaffd13ece6d) Importer(815301076,1909f56bfc062723c751e8b465ee728b)  -> (artifact id: '17d773d486ff91d307409f590e2ec3f3') in 0.088569 seconds 
========================================================================
Received Import Request.
  Time since last request: 0.000050 seconds.
  path: Assets/KB3D/NeoCities/Materials/KB3D_NEC_PlasticWhite.mat
  artifactKey: Guid(7bd99dad06f949a45b50e950d11ebf62) Importer(815301076,1909f56bfc062723c751e8b465ee728b)
Start importing Assets/KB3D/NeoCities/Materials/KB3D_NEC_PlasticWhite.mat using Guid(7bd99dad06f949a45b50e950d11ebf62) Importer(815301076,1909f56bfc062723c751e8b465ee728b)  -> (artifact id: '6e697cb8f90f6f20234c762bf0b5731b') in 0.064960 seconds 
========================================================================
Received Import Request.
  Time since last request: 0.000033 seconds.
  path: Assets/KB3D/NeoCities/Materials/KB3D_NEC_DecorConcreteB.mat
  artifactKey: Guid(2d9fe8b99f8b79c4791e7a752a01f57a) Importer(815301076,1909f56bfc062723c751e8b465ee728b)
Start importing Assets/KB3D/NeoCities/Materials/KB3D_NEC_DecorConcreteB.mat using Guid(2d9fe8b99f8b79c4791e7a752a01f57a) Importer(815301076,1909f56bfc062723c751e8b465ee728b)  -> (artifact id: '8099249a00ba948f3b202b161611f433') in 0.084069 seconds 
========================================================================
Received Import Request.
  Time since last request: 8.329766 seconds.
  path: Assets/KB3D/SampleScene/KB3D_NeoCities.unity
  artifactKey: Guid(325549c112af4344e97a7c44689e1d7e) Importer(815301076,1909f56bfc062723c751e8b465ee728b)
Start importing Assets/KB3D/SampleScene/KB3D_NeoCities.unity using Guid(325549c112af4344e97a7c44689e1d7e) Importer(815301076,1909f56bfc062723c751e8b465ee728b)  -> (artifact id: '5101dc64333bdf286ce952b210cfff99') in 0.945685 seconds 
========================================================================
Received Import Request.
  Time since last request: 9.519418 seconds.
  path: Assets/Main scene.unity
  artifactKey: Guid(924f7ac9b62d45b4fb9ebeec4c4a316c) Importer(815301076,1909f56bfc062723c751e8b465ee728b)
Start importing Assets/Main scene.unity using Guid(924f7ac9b62d45b4fb9ebeec4c4a316c) Importer(815301076,1909f56bfc062723c751e8b465ee728b)  -> (artifact id: '0a8f9a711837f12a8989e602e5d48641') in 0.003589 seconds 
========================================================================
Received Import Request.
  Time since last request: 381.238296 seconds.
  path: Assets/ModularFirstPersonController/How To Use.pdf
  artifactKey: Guid(167a5ec0045348e4997182aa0e0fcea2) Importer(815301076,1909f56bfc062723c751e8b465ee728b)
Start importing Assets/ModularFirstPersonController/How To Use.pdf using Guid(167a5ec0045348e4997182aa0e0fcea2) Importer(815301076,1909f56bfc062723c751e8b465ee728b)  -> (artifact id: '4be5d24996b72919437e33452389e05b') in 0.024271 seconds 
